[0.028s] Invoking command in '/home/samue/GitHub/esda-ros-firmware/src/build/esda_ros_interface': CMAKE_PREFIX_PATH=${CMAKE_PREFIX_PATH}:/home/samue/install/launch_testing_examples:/home/samue/install/examples_rclpy_pointcloud_publisher:/home/samue/install/examples_rclpy_minimal_subscriber:/home/samue/install/examples_rclpy_minimal_service:/home/samue/install/examples_rclpy_minimal_publisher:/home/samue/install/examples_rclpy_minimal_client:/home/samue/install/examples_rclpy_minimal_action_server:/home/samue/install/examples_rclpy_minimal_action_client:/home/samue/install/examples_rclpy_guard_conditions:/home/samue/install/examples_rclpy_executors:/opt/ros/humble WSLENV=ELECTRON_RUN_AS_NODE/w: /usr/bin/cmake --build /home/samue/GitHub/esda-ros-firmware/src/build/esda_ros_interface -- -j20 -l20
[0.201s] [  9%] Built target esda_ros_interface__rosidl_generator_c
[0.201s] [ 12%] Built target esda_ros_interface__cpp
[0.220s] [ 12%] Built target ament_cmake_python_copy_esda_ros_interface
[0.230s] [ 21%] Built target esda_ros_interface__rosidl_typesupport_fastrtps_c
[0.230s] [ 30%] Built target esda_ros_interface__rosidl_typesupport_c
[0.231s] [ 39%] Built target esda_ros_interface__rosidl_typesupport_introspection_c
[0.237s] [ 48%] Built target esda_ros_interface__rosidl_typesupport_fastrtps_cpp
[0.237s] [ 57%] Built target esda_ros_interface__rosidl_typesupport_introspection_cpp
[0.244s] [ 66%] Built target esda_ros_interface__rosidl_typesupport_cpp
[0.267s] [ 66%] Built target esda_ros_interface
[0.287s] [35m[1mConsolidate compiler generated dependencies of target esda_serial_to_pc[0m
[0.291s] [ 69%] Built target esda_ros_interface__py
[0.305s] [ 72%] [32mBuilding CXX object CMakeFiles/esda_serial_to_pc.dir/src/esda_serial_to_pc.cpp.o[0m
[0.311s] [ 78%] Built target esda_ros_interface__rosidl_generator_py
[0.338s] [ 96%] Built target esda_ros_interface__rosidl_typesupport_introspection_c__pyext
[0.339s] [ 96%] Built target esda_ros_interface__rosidl_typesupport_fastrtps_c__pyext
[0.339s] [ 96%] Built target esda_ros_interface__rosidl_typesupport_c__pyext
[0.488s] running egg_info
[0.489s] writing esda_ros_interface.egg-info/PKG-INFO
[0.489s] writing dependency_links to esda_ros_interface.egg-info/dependency_links.txt
[0.490s] writing top-level names to esda_ros_interface.egg-info/top_level.txt
[0.492s] reading manifest file 'esda_ros_interface.egg-info/SOURCES.txt'
[0.493s] writing manifest file 'esda_ros_interface.egg-info/SOURCES.txt'
[0.517s] [ 96%] Built target ament_cmake_python_build_esda_ros_interface_egg
[2.359s] [01m[K/home/samue/GitHub/esda-ros-firmware/src/esda_ros_interface/src/esda_serial_to_pc.cpp:14:2:[m[K [01;31m[Kerror: [m[Kexpected â€˜[01m[K;[m[Kâ€™ after class definition
[2.359s]    14 | }
[2.359s]       |  [01;31m[K^[m[K
[2.359s]       |  [32m[K;[m[K
[2.359s] [01m[K/home/samue/GitHub/esda-ros-firmware/src/esda_ros_interface/src/esda_serial_to_pc.cpp:[m[K In constructor â€˜[01m[KSerialReader::SerialReader()[m[Kâ€™:
[2.359s] [01m[K/home/samue/GitHub/esda-ros-firmware/src/esda_ros_interface/src/esda_serial_to_pc.cpp:14:1:[m[K [01;31m[Kerror: [m[Kexpected â€˜[01m[K([m[Kâ€™ at end of input
[2.359s]    14 | [01;31m[K}[m[K
[2.359s]       | [01;31m[K^[m[K
[2.359s] [01m[K/home/samue/GitHub/esda-ros-firmware/src/esda_ros_interface/src/esda_serial_to_pc.cpp:14:1:[m[K [01;31m[Kerror: [m[Kno matching function for call to â€˜[01m[Krclcpp::Node::Node()[m[Kâ€™
[2.359s] In file included from [01m[K/opt/ros/humble/include/rclcpp/rclcpp/executors/single_threaded_executor.hpp:28[m[K,
[2.359s]                  from [01m[K/opt/ros/humble/include/rclcpp/rclcpp/executors.hpp:22[m[K,
[2.359s]                  from [01m[K/opt/ros/humble/include/rclcpp/rclcpp/rclcpp.hpp:155[m[K,
[2.359s]                  from [01m[K/home/samue/GitHub/esda-ros-firmware/src/esda_ros_interface/src/esda_serial_to_pc.cpp:7[m[K:
[2.360s] [01m[K/opt/ros/humble/include/rclcpp/rclcpp/node.hpp:1294:3:[m[K [01;36m[Knote: [m[Kcandidate: â€˜[01m[Krclcpp::Node::Node(const rclcpp::Node&, const string&)[m[Kâ€™
[2.360s]  1294 |   [01;36m[KNode[m[K(
[2.360s]       |   [01;36m[K^~~~[m[K
[2.361s] [01m[K/opt/ros/humble/include/rclcpp/rclcpp/node.hpp:1294:3:[m[K [01;36m[Knote: [m[K  candidate expects 2 arguments, 0 provided
[2.361s] [01m[K/opt/ros/humble/include/rclcpp/rclcpp/node.hpp:101:12:[m[K [01;36m[Knote: [m[Kcandidate: â€˜[01m[Krclcpp::Node::Node(const string&, const string&, const rclcpp::NodeOptions&)[m[Kâ€™
[2.361s]   101 |   explicit [01;36m[KNode[m[K(
[2.361s]       |            [01;36m[K^~~~[m[K
[2.361s] [01m[K/opt/ros/humble/include/rclcpp/rclcpp/node.hpp:101:12:[m[K [01;36m[Knote: [m[K  candidate expects 3 arguments, 0 provided
[2.361s] [01m[K/opt/ros/humble/include/rclcpp/rclcpp/node.hpp:89:12:[m[K [01;36m[Knote: [m[Kcandidate: â€˜[01m[Krclcpp::Node::Node(const string&, const rclcpp::NodeOptions&)[m[Kâ€™
[2.361s]    89 |   explicit [01;36m[KNode[m[K(
[2.361s]       |            [01;36m[K^~~~[m[K
[2.361s] [01m[K/opt/ros/humble/include/rclcpp/rclcpp/node.hpp:89:12:[m[K [01;36m[Knote: [m[K  candidate expects 2 arguments, 0 provided
[2.361s] [01m[K/home/samue/GitHub/esda-ros-firmware/src/esda_ros_interface/src/esda_serial_to_pc.cpp:14:1:[m[K [01;31m[Kerror: [m[Kexpected â€˜[01m[K{[m[Kâ€™ at end of input
[2.361s]    14 | [01;31m[K}[m[K
[2.362s]       | [01;31m[K^[m[K
[2.720s] gmake[2]: *** [CMakeFiles/esda_serial_to_pc.dir/build.make:76: CMakeFiles/esda_serial_to_pc.dir/src/esda_serial_to_pc.cpp.o] Error 1
[2.720s] gmake[1]: *** [CMakeFiles/Makefile2:594: CMakeFiles/esda_serial_to_pc.dir/all] Error 2
[2.720s] gmake: *** [Makefile:146: all] Error 2
[2.723s] Invoked command in '/home/samue/GitHub/esda-ros-firmware/src/build/esda_ros_interface' returned '2': CMAKE_PREFIX_PATH=${CMAKE_PREFIX_PATH}:/home/samue/install/launch_testing_examples:/home/samue/install/examples_rclpy_pointcloud_publisher:/home/samue/install/examples_rclpy_minimal_subscriber:/home/samue/install/examples_rclpy_minimal_service:/home/samue/install/examples_rclpy_minimal_publisher:/home/samue/install/examples_rclpy_minimal_client:/home/samue/install/examples_rclpy_minimal_action_server:/home/samue/install/examples_rclpy_minimal_action_client:/home/samue/install/examples_rclpy_guard_conditions:/home/samue/install/examples_rclpy_executors:/opt/ros/humble WSLENV=ELECTRON_RUN_AS_NODE/w: /usr/bin/cmake --build /home/samue/GitHub/esda-ros-firmware/src/build/esda_ros_interface -- -j20 -l20
