[0.012s] Invoking command in '/home/samue/GitHub/esda-ros-firmware/src/build/esda_ros_interface': CMAKE_PREFIX_PATH=${CMAKE_PREFIX_PATH}:/home/samue/install/launch_testing_examples:/home/samue/install/examples_rclpy_pointcloud_publisher:/home/samue/install/examples_rclpy_minimal_subscriber:/home/samue/install/examples_rclpy_minimal_service:/home/samue/install/examples_rclpy_minimal_publisher:/home/samue/install/examples_rclpy_minimal_client:/home/samue/install/examples_rclpy_minimal_action_server:/home/samue/install/examples_rclpy_minimal_action_client:/home/samue/install/examples_rclpy_guard_conditions:/home/samue/install/examples_rclpy_executors:/opt/ros/humble WSLENV=ELECTRON_RUN_AS_NODE/w: /usr/bin/cmake --build /home/samue/GitHub/esda-ros-firmware/src/build/esda_ros_interface -- -j20 -l20
[0.029s] -- Found ament_cmake: 1.3.9 (/opt/ros/humble/share/ament_cmake/cmake)
[0.148s] -- Found rosidl_default_generators: 1.2.0 (/opt/ros/humble/share/rosidl_default_generators/cmake)
[0.151s] -- Using all available rosidl_typesupport_c: rosidl_typesupport_fastrtps_c;rosidl_typesupport_introspection_c
[0.153s] -- Found rosidl_adapter: 3.1.5 (/opt/ros/humble/share/rosidl_adapter/cmake)
[0.664s] -- Using all available rosidl_typesupport_cpp: rosidl_typesupport_fastrtps_cpp;rosidl_typesupport_introspection_cpp
[0.685s] -- Found rclcpp: 16.0.9 (/opt/ros/humble/share/rclcpp/cmake)
[0.737s] -- Found rmw_implementation_cmake: 6.1.2 (/opt/ros/humble/share/rmw_implementation_cmake/cmake)
[0.738s] -- Found rmw_fastrtps_cpp: 6.2.6 (/opt/ros/humble/share/rmw_fastrtps_cpp/cmake)
[16.709s] -- Using RMW implementation 'rmw_fastrtps_cpp' as default
[16.876s] -- Found rclcpp_components: 16.0.9 (/opt/ros/humble/share/rclcpp_components/cmake)
[17.248s] -- Found ament_cmake_ros: 0.10.0 (/opt/ros/humble/share/ament_cmake_ros/cmake)
[17.446s] -- Using all available rosidl_typesupport_c: rosidl_typesupport_fastrtps_c;rosidl_typesupport_introspection_c
[17.732s] -- Using all available rosidl_typesupport_cpp: rosidl_typesupport_fastrtps_cpp;rosidl_typesupport_introspection_cpp
[17.760s] -- Found python_cmake_module: 0.10.0 (/opt/ros/humble/share/python_cmake_module/cmake)
[17.798s] -- Using PYTHON_EXECUTABLE: /usr/bin/python3
[17.798s] -- Using PYTHON_INCLUDE_DIRS: /usr/include/python3.10
[17.798s] -- Using PYTHON_LIBRARIES: /usr/lib/x86_64-linux-gnu/libpython3.10.so
[17.824s] [0mCMake Deprecation Warning at /opt/ros/humble/share/rosidl_cmake/cmake/rosidl_target_interfaces.cmake:32 (message):
[17.825s]   Use rosidl_get_typesupport_target() and target_link_libraries() instead of
[17.825s]   rosidl_target_interfaces()
[17.825s] Call Stack (most recent call first):
[17.825s]   CMakeLists.txt:38 (rosidl_target_interfaces)
[17.825s] 
[17.825s] [0m
[17.854s] -- Configuring done
[17.917s] -- Generating done
[17.920s] -- Build files have been written to: /home/samue/GitHub/esda-ros-firmware/src/build/esda_ros_interface
[17.963s] [35m[1mConsolidate compiler generated dependencies of target esda_ros_interface__rosidl_generator_c[0m
[17.964s] [35m[1mConsolidate compiler generated dependencies of target esda_serial_to_pc_node[0m
[17.969s] [  2%] Built target esda_ros_interface__cpp
[17.971s] [ 11%] Built target esda_ros_interface__rosidl_generator_c
[17.978s] [ 17%] Built target esda_serial_to_pc_node
[17.978s] [35m[1mConsolidate compiler generated dependencies of target esda_ros_interface__rosidl_typesupport_cpp[0m
[17.979s] [35m[1mConsolidate compiler generated dependencies of target esda_ros_interface__rosidl_typesupport_fastrtps_cpp[0m
[17.981s] [35m[1mConsolidate compiler generated dependencies of target esda_ros_interface__rosidl_typesupport_introspection_cpp[0m
[17.983s] [35m[1mConsolidate compiler generated dependencies of target esda_ros_interface__rosidl_typesupport_fastrtps_c[0m
[17.984s] [35m[1mConsolidate compiler generated dependencies of target esda_ros_interface__rosidl_typesupport_introspection_c[0m
[17.986s] [35m[1mConsolidate compiler generated dependencies of target esda_ros_interface__rosidl_typesupport_c[0m
[17.991s] [ 25%] Built target esda_ros_interface__rosidl_typesupport_cpp
[17.991s] [ 34%] Built target esda_ros_interface__rosidl_typesupport_fastrtps_cpp
[17.992s] [ 42%] Built target esda_ros_interface__rosidl_typesupport_introspection_cpp
[17.993s] [ 42%] Built target ament_cmake_python_copy_esda_ros_interface
[17.995s] [ 51%] Built target esda_ros_interface__rosidl_typesupport_introspection_c
[17.995s] [ 60%] Built target esda_ros_interface__rosidl_typesupport_c
[17.995s] [ 68%] Built target esda_ros_interface__rosidl_typesupport_fastrtps_c
[18.008s] [ 68%] Built target esda_ros_interface
[18.017s] [35m[1mConsolidate compiler generated dependencies of target esda_serial_to_pc[0m
[18.022s] [ 71%] Built target esda_ros_interface__py
[18.029s] [ 74%] [32mBuilding CXX object CMakeFiles/esda_serial_to_pc.dir/src/esda_serial_to_pc.cpp.o[0m
[18.029s] [35m[1mConsolidate compiler generated dependencies of target esda_ros_interface__rosidl_generator_py[0m
[18.038s] [ 80%] Built target esda_ros_interface__rosidl_generator_py
[18.046s] [35m[1mConsolidate compiler generated dependencies of target esda_ros_interface__rosidl_typesupport_fastrtps_c__pyext[0m
[18.046s] [35m[1mConsolidate compiler generated dependencies of target esda_ros_interface__rosidl_typesupport_introspection_c__pyext[0m
[18.047s] [35m[1mConsolidate compiler generated dependencies of target esda_ros_interface__rosidl_typesupport_c__pyext[0m
[18.055s] [ 91%] Built target esda_ros_interface__rosidl_typesupport_introspection_c__pyext
[18.055s] [ 91%] Built target esda_ros_interface__rosidl_typesupport_fastrtps_c__pyext
[18.055s] [ 97%] Built target esda_ros_interface__rosidl_typesupport_c__pyext
[18.355s] [01m[K/home/samue/GitHub/esda-ros-firmware/src/esda_ros_interface/src/esda_serial_to_pc.cpp:356:10:[m[K [01;31m[Kfatal error: [m[Krclcpp_components/register_node_macro.hpp: No such file or directory
[18.355s]   356 | #include [01;31m[K"rclcpp_components/register_node_macro.hpp"[m[K
[18.355s]       |          [01;31m[K^~~~~~~~~~~~~~~~~~~~~~~~~~~~~~~~~~~~~~~~~~~[m[K
[18.355s] compilation terminated.
[18.357s] gmake[2]: *** [CMakeFiles/esda_serial_to_pc.dir/build.make:76: CMakeFiles/esda_serial_to_pc.dir/src/esda_serial_to_pc.cpp.o] Error 1
[18.357s] gmake[1]: *** [CMakeFiles/Makefile2:596: CMakeFiles/esda_serial_to_pc.dir/all] Error 2
[18.357s] gmake[1]: *** Waiting for unfinished jobs....
[18.379s] running egg_info
[18.380s] writing esda_ros_interface.egg-info/PKG-INFO
[18.380s] writing dependency_links to esda_ros_interface.egg-info/dependency_links.txt
[18.380s] writing top-level names to esda_ros_interface.egg-info/top_level.txt
[18.383s] reading manifest file 'esda_ros_interface.egg-info/SOURCES.txt'
[18.383s] writing manifest file 'esda_ros_interface.egg-info/SOURCES.txt'
[18.402s] [ 97%] Built target ament_cmake_python_build_esda_ros_interface_egg
[18.403s] gmake: *** [Makefile:146: all] Error 2
[18.407s] Invoked command in '/home/samue/GitHub/esda-ros-firmware/src/build/esda_ros_interface' returned '2': CMAKE_PREFIX_PATH=${CMAKE_PREFIX_PATH}:/home/samue/install/launch_testing_examples:/home/samue/install/examples_rclpy_pointcloud_publisher:/home/samue/install/examples_rclpy_minimal_subscriber:/home/samue/install/examples_rclpy_minimal_service:/home/samue/install/examples_rclpy_minimal_publisher:/home/samue/install/examples_rclpy_minimal_client:/home/samue/install/examples_rclpy_minimal_action_server:/home/samue/install/examples_rclpy_minimal_action_client:/home/samue/install/examples_rclpy_guard_conditions:/home/samue/install/examples_rclpy_executors:/opt/ros/humble WSLENV=ELECTRON_RUN_AS_NODE/w: /usr/bin/cmake --build /home/samue/GitHub/esda-ros-firmware/src/build/esda_ros_interface -- -j20 -l20
