[0.025s] Invoking command in '/home/samue/GitHub/esda-ros-firmware/src/build/esda_ros_interface': CMAKE_PREFIX_PATH=${CMAKE_PREFIX_PATH}:/home/samue/install/launch_testing_examples:/home/samue/install/examples_rclpy_pointcloud_publisher:/home/samue/install/examples_rclpy_minimal_subscriber:/home/samue/install/examples_rclpy_minimal_service:/home/samue/install/examples_rclpy_minimal_publisher:/home/samue/install/examples_rclpy_minimal_client:/home/samue/install/examples_rclpy_minimal_action_server:/home/samue/install/examples_rclpy_minimal_action_client:/home/samue/install/examples_rclpy_guard_conditions:/home/samue/install/examples_rclpy_executors:/opt/ros/humble WSLENV=ELECTRON_RUN_AS_NODE/w: /usr/bin/cmake --build /home/samue/GitHub/esda-ros-firmware/src/build/esda_ros_interface -- -j20 -l20
[0.049s] -- Found ament_cmake: 1.3.9 (/opt/ros/humble/share/ament_cmake/cmake)
[0.231s] -- Found rosidl_default_generators: 1.2.0 (/opt/ros/humble/share/rosidl_default_generators/cmake)
[0.235s] -- Using all available rosidl_typesupport_c: rosidl_typesupport_fastrtps_c;rosidl_typesupport_introspection_c
[0.238s] -- Found rosidl_adapter: 3.1.5 (/opt/ros/humble/share/rosidl_adapter/cmake)
[0.744s] -- Using all available rosidl_typesupport_cpp: rosidl_typesupport_fastrtps_cpp;rosidl_typesupport_introspection_cpp
[0.765s] -- Found rclcpp: 16.0.9 (/opt/ros/humble/share/rclcpp/cmake)
[0.817s] -- Found rmw_implementation_cmake: 6.1.2 (/opt/ros/humble/share/rmw_implementation_cmake/cmake)
[0.819s] -- Found rmw_fastrtps_cpp: 6.2.6 (/opt/ros/humble/share/rmw_fastrtps_cpp/cmake)
[17.776s] -- Using RMW implementation 'rmw_fastrtps_cpp' as default
[17.955s] -- Found rclcpp_components: 16.0.9 (/opt/ros/humble/share/rclcpp_components/cmake)
[18.316s] -- Found ament_cmake_ros: 0.10.0 (/opt/ros/humble/share/ament_cmake_ros/cmake)
[18.533s] -- Using all available rosidl_typesupport_c: rosidl_typesupport_fastrtps_c;rosidl_typesupport_introspection_c
[18.816s] -- Using all available rosidl_typesupport_cpp: rosidl_typesupport_fastrtps_cpp;rosidl_typesupport_introspection_cpp
[18.844s] -- Found python_cmake_module: 0.10.0 (/opt/ros/humble/share/python_cmake_module/cmake)
[18.872s] -- Using PYTHON_EXECUTABLE: /usr/bin/python3
[18.872s] -- Using PYTHON_INCLUDE_DIRS: /usr/include/python3.10
[18.872s] -- Using PYTHON_LIBRARIES: /usr/lib/x86_64-linux-gnu/libpython3.10.so
[18.898s] [0mCMake Deprecation Warning at /opt/ros/humble/share/rosidl_cmake/cmake/rosidl_target_interfaces.cmake:32 (message):
[18.898s]   Use rosidl_get_typesupport_target() and target_link_libraries() instead of
[18.898s]   rosidl_target_interfaces()
[18.898s] Call Stack (most recent call first):
[18.898s]   CMakeLists.txt:41 (rosidl_target_interfaces)
[18.898s] 
[18.898s] [0m
[18.902s] -- Configuring done
[18.993s] -- Generating done
[18.996s] -- Build files have been written to: /home/samue/GitHub/esda-ros-firmware/src/build/esda_ros_interface
[19.020s] [35m[1mConsolidate compiler generated dependencies of target esda_ros_interface__rosidl_generator_c[0m
[19.020s] [35m[1mConsolidate compiler generated dependencies of target esda_serial_to_pc_node[0m
[19.027s] [  2%] Built target esda_ros_interface__cpp
[19.027s] [ 11%] Built target esda_ros_interface__rosidl_generator_c
[19.033s] [ 17%] Built target esda_serial_to_pc_node
[19.034s] [35m[1mConsolidate compiler generated dependencies of target esda_ros_interface__rosidl_typesupport_cpp[0m
[19.035s] [35m[1mConsolidate compiler generated dependencies of target esda_ros_interface__rosidl_typesupport_fastrtps_cpp[0m
[19.035s] [35m[1mConsolidate compiler generated dependencies of target esda_ros_interface__rosidl_typesupport_introspection_cpp[0m
[19.035s] [ 17%] Built target ament_cmake_python_copy_esda_ros_interface
[19.041s] [35m[1mConsolidate compiler generated dependencies of target esda_ros_interface__rosidl_typesupport_introspection_c[0m
[19.041s] [35m[1mConsolidate compiler generated dependencies of target esda_ros_interface__rosidl_typesupport_c[0m
[19.043s] [35m[1mConsolidate compiler generated dependencies of target esda_ros_interface__rosidl_typesupport_fastrtps_c[0m
[19.044s] [ 25%] Built target esda_ros_interface__rosidl_typesupport_cpp
[19.044s] [ 34%] Built target esda_ros_interface__rosidl_typesupport_fastrtps_cpp
[19.046s] [ 42%] Built target esda_ros_interface__rosidl_typesupport_introspection_cpp
[19.049s] [ 51%] Built target esda_ros_interface__rosidl_typesupport_introspection_c
[19.050s] [ 60%] Built target esda_ros_interface__rosidl_typesupport_c
[19.051s] [ 68%] Built target esda_ros_interface__rosidl_typesupport_fastrtps_c
[19.067s] [ 68%] Built target esda_ros_interface
[19.076s] [35m[1mConsolidate compiler generated dependencies of target esda_serial_to_pc[0m
[19.083s] [ 71%] Built target esda_ros_interface__py
[19.090s] [ 74%] [32mBuilding CXX object CMakeFiles/esda_serial_to_pc.dir/src/esda_serial_to_pc.cpp.o[0m
[19.090s] [35m[1mConsolidate compiler generated dependencies of target esda_ros_interface__rosidl_generator_py[0m
[19.099s] [ 80%] Built target esda_ros_interface__rosidl_generator_py
[19.107s] [35m[1mConsolidate compiler generated dependencies of target esda_ros_interface__rosidl_typesupport_introspection_c__pyext[0m
[19.108s] [35m[1mConsolidate compiler generated dependencies of target esda_ros_interface__rosidl_typesupport_fastrtps_c__pyext[0m
[19.111s] [35m[1mConsolidate compiler generated dependencies of target esda_ros_interface__rosidl_typesupport_c__pyext[0m
[19.118s] [ 85%] Built target esda_ros_interface__rosidl_typesupport_fastrtps_c__pyext
[19.120s] [ 91%] Built target esda_ros_interface__rosidl_typesupport_introspection_c__pyext
[19.120s] [ 97%] Built target esda_ros_interface__rosidl_typesupport_c__pyext
[19.218s] [01m[K/home/samue/GitHub/esda-ros-firmware/src/esda_ros_interface/src/esda_serial_to_pc.cpp:8:10:[m[K [01;31m[Kfatal error: [m[Kstd_msgs/msg/string.hpp: No such file or directory
[19.218s]     8 | #include [01;31m[K"std_msgs/msg/string.hpp"[m[K
[19.218s]       |          [01;31m[K^~~~~~~~~~~~~~~~~~~~~~~~~[m[K
[19.218s] compilation terminated.
[19.220s] gmake[2]: *** [CMakeFiles/esda_serial_to_pc.dir/build.make:76: CMakeFiles/esda_serial_to_pc.dir/src/esda_serial_to_pc.cpp.o] Error 1
[19.220s] gmake[1]: *** [CMakeFiles/Makefile2:596: CMakeFiles/esda_serial_to_pc.dir/all] Error 2
[19.220s] gmake[1]: *** Waiting for unfinished jobs....
[19.235s] running egg_info
[19.236s] writing esda_ros_interface.egg-info/PKG-INFO
[19.236s] writing dependency_links to esda_ros_interface.egg-info/dependency_links.txt
[19.236s] writing top-level names to esda_ros_interface.egg-info/top_level.txt
[19.238s] reading manifest file 'esda_ros_interface.egg-info/SOURCES.txt'
[19.238s] writing manifest file 'esda_ros_interface.egg-info/SOURCES.txt'
[19.258s] [ 97%] Built target ament_cmake_python_build_esda_ros_interface_egg
[19.259s] gmake: *** [Makefile:146: all] Error 2
[19.262s] Invoked command in '/home/samue/GitHub/esda-ros-firmware/src/build/esda_ros_interface' returned '2': CMAKE_PREFIX_PATH=${CMAKE_PREFIX_PATH}:/home/samue/install/launch_testing_examples:/home/samue/install/examples_rclpy_pointcloud_publisher:/home/samue/install/examples_rclpy_minimal_subscriber:/home/samue/install/examples_rclpy_minimal_service:/home/samue/install/examples_rclpy_minimal_publisher:/home/samue/install/examples_rclpy_minimal_client:/home/samue/install/examples_rclpy_minimal_action_server:/home/samue/install/examples_rclpy_minimal_action_client:/home/samue/install/examples_rclpy_guard_conditions:/home/samue/install/examples_rclpy_executors:/opt/ros/humble WSLENV=ELECTRON_RUN_AS_NODE/w: /usr/bin/cmake --build /home/samue/GitHub/esda-ros-firmware/src/build/esda_ros_interface -- -j20 -l20
