[0.025s] Invoking command in '/home/samue/GitHub/esda-ros-firmware/src/build/esda_ros_interface': CMAKE_PREFIX_PATH=${CMAKE_PREFIX_PATH}:/home/samue/install/launch_testing_examples:/home/samue/install/examples_rclpy_pointcloud_publisher:/home/samue/install/examples_rclpy_minimal_subscriber:/home/samue/install/examples_rclpy_minimal_service:/home/samue/install/examples_rclpy_minimal_publisher:/home/samue/install/examples_rclpy_minimal_client:/home/samue/install/examples_rclpy_minimal_action_server:/home/samue/install/examples_rclpy_minimal_action_client:/home/samue/install/examples_rclpy_guard_conditions:/home/samue/install/examples_rclpy_executors:/opt/ros/humble WSLENV=ELECTRON_RUN_AS_NODE/w: /usr/bin/cmake --build /home/samue/GitHub/esda-ros-firmware/src/build/esda_ros_interface -- -j20 -l20
[0.150s] [  3%] Built target esda_ros_interface__cpp
[0.152s] [ 12%] Built target esda_ros_interface__rosidl_generator_c
[0.172s] [ 12%] Built target ament_cmake_python_copy_esda_ros_interface
[0.176s] [ 21%] Built target esda_ros_interface__rosidl_typesupport_cpp
[0.184s] [ 30%] Built target esda_ros_interface__rosidl_typesupport_introspection_cpp
[0.184s] [ 39%] Built target esda_ros_interface__rosidl_typesupport_fastrtps_c
[0.191s] [ 48%] Built target esda_ros_interface__rosidl_typesupport_introspection_c
[0.194s] [ 57%] Built target esda_ros_interface__rosidl_typesupport_c
[0.194s] [ 66%] Built target esda_ros_interface__rosidl_typesupport_fastrtps_cpp
[0.210s] [ 66%] Built target esda_ros_interface
[0.224s] [35m[1mConsolidate compiler generated dependencies of target esda_serial_to_pc[0m
[0.229s] [ 69%] Built target esda_ros_interface__py
[0.243s] [ 72%] [32mBuilding CXX object CMakeFiles/esda_serial_to_pc.dir/src/esda_serial_to_pc.cpp.o[0m
[0.249s] [ 78%] Built target esda_ros_interface__rosidl_generator_py
[0.271s] [ 84%] Built target esda_ros_interface__rosidl_typesupport_fastrtps_c__pyext
[0.271s] [ 90%] Built target esda_ros_interface__rosidl_typesupport_introspection_c__pyext
[0.278s] [ 96%] Built target esda_ros_interface__rosidl_typesupport_c__pyext
[0.418s] running egg_info
[0.419s] writing esda_ros_interface.egg-info/PKG-INFO
[0.420s] writing dependency_links to esda_ros_interface.egg-info/dependency_links.txt
[0.420s] writing top-level names to esda_ros_interface.egg-info/top_level.txt
[0.423s] reading manifest file 'esda_ros_interface.egg-info/SOURCES.txt'
[0.423s] writing manifest file 'esda_ros_interface.egg-info/SOURCES.txt'
[0.448s] [ 96%] Built target ament_cmake_python_build_esda_ros_interface_egg
[2.453s] [01m[K/home/samue/GitHub/esda-ros-firmware/src/esda_ros_interface/src/esda_serial_to_pc.cpp:11:28:[m[K [01;31m[Kerror: [m[Kâ€˜[01m[Krclpp[m[Kâ€™ has not been declared
[2.454s]    11 | class SerialReader: public [01;31m[Krclpp[m[K::Node{
[2.454s]       |                            [01;31m[K^~~~~[m[K
[2.454s] [01m[K/home/samue/GitHub/esda-ros-firmware/src/esda_ros_interface/src/esda_serial_to_pc.cpp:11:35:[m[K [01;31m[Kerror: [m[Kexpected â€˜[01m[K{[m[Kâ€™ before â€˜[01m[KNode[m[Kâ€™
[2.454s]    11 | class SerialReader: public rclpp::[01;31m[KNode[m[K{
[2.454s]       |                                   [01;31m[K^~~~[m[K
[2.454s] [01m[K/home/samue/GitHub/esda-ros-firmware/src/esda_ros_interface/src/esda_serial_to_pc.cpp:12:5:[m[K [01;31m[Kerror: [m[Kexpected primary-expression before â€˜[01m[Kpublic[m[Kâ€™
[2.454s]    12 |     [01;31m[Kpublic[m[K:
[2.454s]       |     [01;31m[K^~~~~~[m[K
[2.454s] [01m[K/home/samue/GitHub/esda-ros-firmware/src/esda_ros_interface/src/esda_serial_to_pc.cpp:12:5:[m[K [01;31m[Kerror: [m[Kexpected â€˜[01m[K}[m[Kâ€™ before â€˜[01m[Kpublic[m[Kâ€™
[2.454s] [01m[K/home/samue/GitHub/esda-ros-firmware/src/esda_ros_interface/src/esda_serial_to_pc.cpp:11:39:[m[K [01;36m[Knote: [m[Kto match this â€˜[01m[K{[m[Kâ€™
[2.454s]    11 | class SerialReader: public rclpp::Node[01;36m[K{[m[K
[2.454s]       |                                       [01;36m[K^[m[K
[2.454s] [01m[K/home/samue/GitHub/esda-ros-firmware/src/esda_ros_interface/src/esda_serial_to_pc.cpp:16:1:[m[K [01;31m[Kerror: [m[Kexpected declaration before â€˜[01m[K}[m[Kâ€™ token
[2.454s]    16 | [01;31m[K}[m[K
[2.454s]       | [01;31m[K^[m[K
[2.785s] gmake[2]: *** [CMakeFiles/esda_serial_to_pc.dir/build.make:76: CMakeFiles/esda_serial_to_pc.dir/src/esda_serial_to_pc.cpp.o] Error 1
[2.785s] gmake[1]: *** [CMakeFiles/Makefile2:594: CMakeFiles/esda_serial_to_pc.dir/all] Error 2
[2.785s] gmake: *** [Makefile:146: all] Error 2
[2.787s] Invoked command in '/home/samue/GitHub/esda-ros-firmware/src/build/esda_ros_interface' returned '2': CMAKE_PREFIX_PATH=${CMAKE_PREFIX_PATH}:/home/samue/install/launch_testing_examples:/home/samue/install/examples_rclpy_pointcloud_publisher:/home/samue/install/examples_rclpy_minimal_subscriber:/home/samue/install/examples_rclpy_minimal_service:/home/samue/install/examples_rclpy_minimal_publisher:/home/samue/install/examples_rclpy_minimal_client:/home/samue/install/examples_rclpy_minimal_action_server:/home/samue/install/examples_rclpy_minimal_action_client:/home/samue/install/examples_rclpy_guard_conditions:/home/samue/install/examples_rclpy_executors:/opt/ros/humble WSLENV=ELECTRON_RUN_AS_NODE/w: /usr/bin/cmake --build /home/samue/GitHub/esda-ros-firmware/src/build/esda_ros_interface -- -j20 -l20
