[0.025s] Invoking command in '/home/samue/GitHub/esda-ros-firmware/src/build/esda_ros_interface': CMAKE_PREFIX_PATH=${CMAKE_PREFIX_PATH}:/home/samue/install/launch_testing_examples:/home/samue/install/examples_rclpy_pointcloud_publisher:/home/samue/install/examples_rclpy_minimal_subscriber:/home/samue/install/examples_rclpy_minimal_service:/home/samue/install/examples_rclpy_minimal_publisher:/home/samue/install/examples_rclpy_minimal_client:/home/samue/install/examples_rclpy_minimal_action_server:/home/samue/install/examples_rclpy_minimal_action_client:/home/samue/install/examples_rclpy_guard_conditions:/home/samue/install/examples_rclpy_executors:/opt/ros/humble WSLENV=ELECTRON_RUN_AS_NODE/w: /usr/bin/cmake --build /home/samue/GitHub/esda-ros-firmware/src/build/esda_ros_interface -- -j20 -l20
[0.177s] [  9%] Built target esda_ros_interface__rosidl_generator_c
[0.184s] [ 12%] Built target esda_ros_interface__cpp
[0.192s] [ 12%] Built target ament_cmake_python_copy_esda_ros_interface
[0.202s] [ 21%] Built target esda_ros_interface__rosidl_typesupport_fastrtps_c
[0.207s] [ 30%] Built target esda_ros_interface__rosidl_typesupport_c
[0.210s] [ 42%] Built target esda_ros_interface__rosidl_typesupport_cpp
[0.211s] [ 48%] Built target esda_ros_interface__rosidl_typesupport_fastrtps_cpp
[0.212s] [ 57%] Built target esda_ros_interface__rosidl_typesupport_introspection_c
[0.213s] [ 66%] Built target esda_ros_interface__rosidl_typesupport_introspection_cpp
[0.231s] [ 66%] Built target esda_ros_interface
[0.248s] [ 69%] Built target esda_ros_interface__py
[0.254s] [ 72%] [32mBuilding CXX object CMakeFiles/esda_serial_to_pc.dir/src/esda_serial_to_pc.cpp.o[0m
[0.266s] [ 78%] Built target esda_ros_interface__rosidl_generator_py
[0.286s] [ 90%] Built target esda_ros_interface__rosidl_typesupport_c__pyext
[0.286s] [ 90%] Built target esda_ros_interface__rosidl_typesupport_fastrtps_c__pyext
[0.286s] [ 96%] Built target esda_ros_interface__rosidl_typesupport_introspection_c__pyext
[0.449s] running egg_info
[0.451s] writing esda_ros_interface.egg-info/PKG-INFO
[0.451s] writing dependency_links to esda_ros_interface.egg-info/dependency_links.txt
[0.452s] writing top-level names to esda_ros_interface.egg-info/top_level.txt
[0.455s] reading manifest file 'esda_ros_interface.egg-info/SOURCES.txt'
[0.455s] writing manifest file 'esda_ros_interface.egg-info/SOURCES.txt'
[0.479s] [ 96%] Built target ament_cmake_python_build_esda_ros_interface_egg
[2.589s] [01m[K/home/samue/GitHub/esda-ros-firmware/src/esda_ros_interface/src/esda_serial_to_pc.cpp:12:1:[m[K [01;31m[Kerror: [m[Kâ€˜[01m[KROS2ToSerialBridge[m[Kâ€™ does not name a type
[2.589s]    12 | [01;31m[KROS2ToSerialBridge[m[K::ROS2ToSerialBridge(const rclcpp::NodeOptions& node_options)
[2.589s]       | [01;31m[K^~~~~~~~~~~~~~~~~~[m[K
[3.045s] gmake[2]: *** [CMakeFiles/esda_serial_to_pc.dir/build.make:76: CMakeFiles/esda_serial_to_pc.dir/src/esda_serial_to_pc.cpp.o] Error 1
[3.046s] gmake[1]: *** [CMakeFiles/Makefile2:594: CMakeFiles/esda_serial_to_pc.dir/all] Error 2
[3.046s] gmake: *** [Makefile:146: all] Error 2
[3.050s] Invoked command in '/home/samue/GitHub/esda-ros-firmware/src/build/esda_ros_interface' returned '2': CMAKE_PREFIX_PATH=${CMAKE_PREFIX_PATH}:/home/samue/install/launch_testing_examples:/home/samue/install/examples_rclpy_pointcloud_publisher:/home/samue/install/examples_rclpy_minimal_subscriber:/home/samue/install/examples_rclpy_minimal_service:/home/samue/install/examples_rclpy_minimal_publisher:/home/samue/install/examples_rclpy_minimal_client:/home/samue/install/examples_rclpy_minimal_action_server:/home/samue/install/examples_rclpy_minimal_action_client:/home/samue/install/examples_rclpy_guard_conditions:/home/samue/install/examples_rclpy_executors:/opt/ros/humble WSLENV=ELECTRON_RUN_AS_NODE/w: /usr/bin/cmake --build /home/samue/GitHub/esda-ros-firmware/src/build/esda_ros_interface -- -j20 -l20
