[0.022s] Invoking command in '/home/samue/GitHub/esda-ros-firmware/src/build/esda_ros_interface': CMAKE_PREFIX_PATH=${CMAKE_PREFIX_PATH}:/home/samue/install/launch_testing_examples:/home/samue/install/examples_rclpy_pointcloud_publisher:/home/samue/install/examples_rclpy_minimal_subscriber:/home/samue/install/examples_rclpy_minimal_service:/home/samue/install/examples_rclpy_minimal_publisher:/home/samue/install/examples_rclpy_minimal_client:/home/samue/install/examples_rclpy_minimal_action_server:/home/samue/install/examples_rclpy_minimal_action_client:/home/samue/install/examples_rclpy_guard_conditions:/home/samue/install/examples_rclpy_executors:/opt/ros/humble WSLENV=ELECTRON_RUN_AS_NODE/w: /usr/bin/cmake --build /home/samue/GitHub/esda-ros-firmware/src/build/esda_ros_interface -- -j20 -l20
[0.179s] -- Found ament_cmake: 1.3.9 (/opt/ros/humble/share/ament_cmake/cmake)
[0.389s] -- Found rosidl_default_generators: 1.2.0 (/opt/ros/humble/share/rosidl_default_generators/cmake)
[0.395s] -- Using all available rosidl_typesupport_c: rosidl_typesupport_fastrtps_c;rosidl_typesupport_introspection_c
[0.399s] -- Found rosidl_adapter: 3.1.5 (/opt/ros/humble/share/rosidl_adapter/cmake)
[0.876s] -- Using all available rosidl_typesupport_cpp: rosidl_typesupport_fastrtps_cpp;rosidl_typesupport_introspection_cpp
[0.910s] -- Found rclcpp: 16.0.9 (/opt/ros/humble/share/rclcpp/cmake)
[0.989s] -- Found rmw_implementation_cmake: 6.1.2 (/opt/ros/humble/share/rmw_implementation_cmake/cmake)
[0.992s] -- Found rmw_fastrtps_cpp: 6.2.6 (/opt/ros/humble/share/rmw_fastrtps_cpp/cmake)
[18.953s] -- Using RMW implementation 'rmw_fastrtps_cpp' as default
[19.121s] -- Found rclcpp_components: 16.0.9 (/opt/ros/humble/share/rclcpp_components/cmake)
[19.449s] -- Found ament_cmake_ros: 0.10.0 (/opt/ros/humble/share/ament_cmake_ros/cmake)
[19.673s] -- Using all available rosidl_typesupport_c: rosidl_typesupport_fastrtps_c;rosidl_typesupport_introspection_c
[19.947s] -- Using all available rosidl_typesupport_cpp: rosidl_typesupport_fastrtps_cpp;rosidl_typesupport_introspection_cpp
[19.978s] -- Found python_cmake_module: 0.10.0 (/opt/ros/humble/share/python_cmake_module/cmake)
[20.014s] -- Using PYTHON_EXECUTABLE: /usr/bin/python3
[20.014s] -- Using PYTHON_INCLUDE_DIRS: /usr/include/python3.10
[20.014s] -- Using PYTHON_LIBRARIES: /usr/lib/x86_64-linux-gnu/libpython3.10.so
[20.039s] [0mCMake Deprecation Warning at /opt/ros/humble/share/rosidl_cmake/cmake/rosidl_target_interfaces.cmake:32 (message):
[20.039s]   Use rosidl_get_typesupport_target() and target_link_libraries() instead of
[20.039s]   rosidl_target_interfaces()
[20.039s] Call Stack (most recent call first):
[20.039s]   CMakeLists.txt:39 (rosidl_target_interfaces)
[20.039s] 
[20.039s] [0m
[20.051s] -- Configuring done
[20.107s] -- Generating done
[20.110s] -- Build files have been written to: /home/samue/GitHub/esda-ros-firmware/src/build/esda_ros_interface
[20.137s] [35m[1mConsolidate compiler generated dependencies of target esda_ros_interface__rosidl_generator_c[0m
[20.138s] [35m[1mConsolidate compiler generated dependencies of target esda_serial_to_pc_node[0m
[20.145s] [  8%] Built target esda_ros_interface__rosidl_generator_c
[20.146s] [ 11%] Built target esda_ros_interface__cpp
[20.149s] [ 17%] Built target esda_serial_to_pc_node
[20.152s] [35m[1mConsolidate compiler generated dependencies of target esda_ros_interface__rosidl_typesupport_fastrtps_c[0m
[20.153s] [35m[1mConsolidate compiler generated dependencies of target esda_ros_interface__rosidl_typesupport_c[0m
[20.153s] [35m[1mConsolidate compiler generated dependencies of target esda_ros_interface__rosidl_typesupport_introspection_cpp[0m
[20.154s] [35m[1mConsolidate compiler generated dependencies of target esda_ros_interface__rosidl_typesupport_fastrtps_cpp[0m
[20.156s] [ 17%] Built target ament_cmake_python_copy_esda_ros_interface
[20.156s] [35m[1mConsolidate compiler generated dependencies of target esda_ros_interface__rosidl_typesupport_introspection_c[0m
[20.158s] [35m[1mConsolidate compiler generated dependencies of target esda_ros_interface__rosidl_typesupport_cpp[0m
[20.161s] [ 25%] Built target esda_ros_interface__rosidl_typesupport_c
[20.161s] [ 34%] Built target esda_ros_interface__rosidl_typesupport_fastrtps_c
[20.163s] [ 42%] Built target esda_ros_interface__rosidl_typesupport_fastrtps_cpp
[20.165s] [ 51%] Built target esda_ros_interface__rosidl_typesupport_introspection_cpp
[20.166s] [ 60%] Built target esda_ros_interface__rosidl_typesupport_introspection_c
[20.166s] [ 68%] Built target esda_ros_interface__rosidl_typesupport_cpp
[20.179s] [ 68%] Built target esda_ros_interface
[20.189s] [35m[1mConsolidate compiler generated dependencies of target esda_serial_to_pc[0m
[20.194s] [ 71%] Built target esda_ros_interface__py
[20.200s] [ 74%] [32mBuilding CXX object CMakeFiles/esda_serial_to_pc.dir/src/esda_serial_to_pc.cpp.o[0m
[20.201s] [35m[1mConsolidate compiler generated dependencies of target esda_ros_interface__rosidl_generator_py[0m
[20.210s] [ 80%] Built target esda_ros_interface__rosidl_generator_py
[20.217s] [35m[1mConsolidate compiler generated dependencies of target esda_ros_interface__rosidl_typesupport_fastrtps_c__pyext[0m
[20.217s] [35m[1mConsolidate compiler generated dependencies of target esda_ros_interface__rosidl_typesupport_introspection_c__pyext[0m
[20.217s] [35m[1mConsolidate compiler generated dependencies of target esda_ros_interface__rosidl_typesupport_c__pyext[0m
[20.226s] [ 97%] Built target esda_ros_interface__rosidl_typesupport_c__pyext
[20.226s] [ 97%] Built target esda_ros_interface__rosidl_typesupport_fastrtps_c__pyext
[20.226s] [ 97%] Built target esda_ros_interface__rosidl_typesupport_introspection_c__pyext
[20.340s] running egg_info
[20.341s] writing esda_ros_interface.egg-info/PKG-INFO
[20.341s] writing dependency_links to esda_ros_interface.egg-info/dependency_links.txt
[20.341s] writing top-level names to esda_ros_interface.egg-info/top_level.txt
[20.344s] reading manifest file 'esda_ros_interface.egg-info/SOURCES.txt'
[20.344s] writing manifest file 'esda_ros_interface.egg-info/SOURCES.txt'
[20.363s] [ 97%] Built target ament_cmake_python_build_esda_ros_interface_egg
[22.145s] [01m[K/home/samue/GitHub/esda-ros-firmware/src/esda_ros_interface/src/esda_serial_to_pc.cpp:12:1:[m[K [01;31m[Kerror: [m[Kâ€˜[01m[KROS2ToSerialBridge[m[Kâ€™ does not name a type
[22.145s]    12 | [01;31m[KROS2ToSerialBridge[m[K::ROS2ToSerialBridge(const rclcpp::NodeOptions& node_options)
[22.145s]       | [01;31m[K^~~~~~~~~~~~~~~~~~[m[K
[22.147s] [01m[K/home/samue/GitHub/esda-ros-firmware/src/esda_ros_interface/src/esda_serial_to_pc.cpp:115:1:[m[K [01;31m[Kerror: [m[Kâ€˜[01m[KROS2ToSerialBridge[m[Kâ€™ does not name a type
[22.148s]   115 | [01;31m[KROS2ToSerialBridge[m[K::~ROS2ToSerialBridge()
[22.148s]       | [01;31m[K^~~~~~~~~~~~~~~~~~[m[K
[22.148s] [01m[K/home/samue/GitHub/esda-ros-firmware/src/esda_ros_interface/src/esda_serial_to_pc.cpp:123:6:[m[K [01;31m[Kerror: [m[Kâ€˜[01m[KROS2ToSerialBridge[m[Kâ€™ has not been declared
[22.148s]   123 | void [01;31m[KROS2ToSerialBridge[m[K::read_thread_func(const std::shared_future<void> & local_future)
[22.148s]       |      [01;31m[K^~~~~~~~~~~~~~~~~~[m[K
[22.157s] [01m[K/home/samue/GitHub/esda-ros-firmware/src/esda_ros_interface/src/esda_serial_to_pc.cpp:[m[K In function â€˜[01m[Kvoid ros2_to_serial_bridge::read_thread_func(const std::shared_future<void>&)[m[Kâ€™:
[22.157s] [01m[K/home/samue/GitHub/esda-ros-firmware/src/esda_ros_interface/src/esda_serial_to_pc.cpp:129:56:[m[K [01;31m[Kerror: [m[Kâ€˜[01m[KBUFFER_SIZE[m[Kâ€™ was not declared in this scope
[22.157s]   129 |     std::unique_ptr<uint8_t[]> data_buffer(new uint8_t[[01;31m[KBUFFER_SIZE[m[K]);
[22.157s]       |                                                        [01;31m[K^~~~~~~~~~~[m[K
[22.162s] [01m[K/home/samue/GitHub/esda-ros-firmware/src/esda_ros_interface/src/esda_serial_to_pc.cpp:131:5:[m[K [01;31m[Kerror: [m[Kâ€˜[01m[Ktopic_id_size_t[m[Kâ€™ was not declared in this scope
[22.162s]   131 |     [01;31m[Ktopic_id_size_t[m[K topic_ID;
[22.162s]       |     [01;31m[K^~~~~~~~~~~~~~~[m[K
[22.165s] [01m[K/home/samue/GitHub/esda-ros-firmware/src/esda_ros_interface/src/esda_serial_to_pc.cpp:136:23:[m[K [01;31m[Kerror: [m[Kâ€˜[01m[Ktransporter_[m[Kâ€™ was not declared in this scope
[22.165s]   136 |         if ((length = [01;31m[Ktransporter_[m[K->read(&topic_ID, data_buffer.get(), BUFFER_SIZE)) >= 0)
[22.165s]       |                       [01;31m[K^~~~~~~~~~~~[m[K
[22.168s] [01m[K/home/samue/GitHub/esda-ros-firmware/src/esda_ros_interface/src/esda_serial_to_pc.cpp:136:43:[m[K [01;31m[Kerror: [m[Kâ€˜[01m[Ktopic_ID[m[Kâ€™ was not declared in this scope
[22.168s]   136 |         if ((length = transporter_->read(&[01;31m[Ktopic_ID[m[K, data_buffer.get(), BUFFER_SIZE)) >= 0)
[22.168s]       |                                           [01;31m[K^~~~~~~~[m[K
[22.173s] [01m[K/home/samue/GitHub/esda-ros-firmware/src/esda_ros_interface/src/esda_serial_to_pc.cpp:138:13:[m[K [01;31m[Kerror: [m[Kâ€˜[01m[Kros2_topics_[m[Kâ€™ was not declared in this scope
[22.173s]   138 |             [01;31m[Kros2_topics_[m[K->dispatch(topic_ID, data_buffer.get(), length);
[22.173s]       |             [01;31m[K^~~~~~~~~~~~[m[K
[22.174s] [01m[K/home/samue/GitHub/esda-ros-firmware/src/esda_ros_interface/src/esda_serial_to_pc.cpp:[m[K At global scope:
[22.174s] [01m[K/home/samue/GitHub/esda-ros-firmware/src/esda_ros_interface/src/esda_serial_to_pc.cpp:144:46:[m[K [01;31m[Kerror: [m[Kâ€˜[01m[Kpubsub[m[Kâ€™ is not a member of â€˜[01m[Kros2_to_serial_bridge[m[Kâ€™
[22.174s]   144 | std::map<std::string, ros2_to_serial_bridge::[01;31m[Kpubsub[m[K::TopicMapping> ROS2ToSerialBridge::parse_node_parameters_for_topics()
[22.174s]       |                                              [01;31m[K^~~~~~[m[K
[22.174s] [01m[K/home/samue/GitHub/esda-ros-firmware/src/esda_ros_interface/src/esda_serial_to_pc.cpp:144:66:[m[K [01;31m[Kerror: [m[Ktemplate argument 2 is invalid
[22.175s]   144 | std::map<std::string, ros2_to_serial_bridge::pubsub::TopicMapping[01;31m[K>[m[K ROS2ToSerialBridge::parse_node_parameters_for_topics()
[22.175s]       |                                                                  [01;31m[K^[m[K
[22.175s] [01m[K/home/samue/GitHub/esda-ros-firmware/src/esda_ros_interface/src/esda_serial_to_pc.cpp:144:66:[m[K [01;31m[Kerror: [m[Ktemplate argument 4 is invalid
[22.175s] [01m[K/home/samue/GitHub/esda-ros-firmware/src/esda_ros_interface/src/esda_serial_to_pc.cpp:144:68:[m[K [01;31m[Kerror: [m[Kâ€˜[01m[KROS2ToSerialBridge[m[Kâ€™ has not been declared
[22.175s]   144 | std::map<std::string, ros2_to_serial_bridge::pubsub::TopicMapping> [01;31m[KROS2ToSerialBridge[m[K::parse_node_parameters_for_topics()
[22.175s]       |                                                                    [01;31m[K^~~~~~~~~~~~~~~~~~[m[K
[22.175s] [01m[K/home/samue/GitHub/esda-ros-firmware/src/esda_ros_interface/src/esda_serial_to_pc.cpp:[m[K In function â€˜[01m[Kint ros2_to_serial_bridge::parse_node_parameters_for_topics()[m[Kâ€™:
[22.175s] [01m[K/home/samue/GitHub/esda-ros-firmware/src/esda_ros_interface/src/esda_serial_to_pc.cpp:154:50:[m[K [01;31m[Kerror: [m[Kâ€˜[01m[Kpubsub[m[Kâ€™ is not a member of â€˜[01m[Kros2_to_serial_bridge[m[Kâ€™
[22.175s]   154 |     std::map<std::string, ros2_to_serial_bridge::[01;31m[Kpubsub[m[K::TopicMapping> topic_names_and_serialization;
[22.175s]       |                                                  [01;31m[K^~~~~~[m[K
[22.175s] [01m[K/home/samue/GitHub/esda-ros-firmware/src/esda_ros_interface/src/esda_serial_to_pc.cpp:154:70:[m[K [01;31m[Kerror: [m[Ktemplate argument 2 is invalid
[22.175s]   154 |     std::map<std::string, ros2_to_serial_bridge::pubsub::TopicMapping[01;31m[K>[m[K topic_names_and_serialization;
[22.175s]       |                                                                      [01;31m[K^[m[K
[22.175s] [01m[K/home/samue/GitHub/esda-ros-firmware/src/esda_ros_interface/src/esda_serial_to_pc.cpp:154:70:[m[K [01;31m[Kerror: [m[Ktemplate argument 4 is invalid
[22.179s] [01m[K/home/samue/GitHub/esda-ros-firmware/src/esda_ros_interface/src/esda_serial_to_pc.cpp:156:68:[m[K [01;31m[Kerror: [m[Kâ€˜[01m[Klist_parameters[m[Kâ€™ was not declared in this scope; did you mean â€˜[01m[Klist_params_result[m[Kâ€™?
[22.179s]   156 |     rcl_interfaces::msg::ListParametersResult list_params_result = [01;31m[Klist_parameters[m[K({}, 0);
[22.179s]       |                                                                    [01;31m[K^~~~~~~~~~~~~~~[m[K
[22.179s]       |                                                                    [32m[Klist_params_result[m[K
[22.181s] [01m[K/home/samue/GitHub/esda-ros-firmware/src/esda_ros_interface/src/esda_serial_to_pc.cpp:206:43:[m[K [01;31m[Kerror: [m[Krequest for member â€˜[01m[Kcount[m[Kâ€™ in â€˜[01m[Ktopic_names_and_serialization[m[Kâ€™, which is of non-class type â€˜[01m[Kint[m[Kâ€™
[22.181s]   206 |         if (topic_names_and_serialization.[01;31m[Kcount[m[K(topic_name) == 0)
[22.181s]       |                                           [01;31m[K^~~~~[m[K
[22.181s] [01m[K/home/samue/GitHub/esda-ros-firmware/src/esda_ros_interface/src/esda_serial_to_pc.cpp:208:42:[m[K [01;31m[Kerror: [m[Kno match for â€˜[01m[Koperator[][m[Kâ€™ (operand types are â€˜[01m[Kint[m[Kâ€™ and â€˜[01m[Kstd::string[m[Kâ€™ {aka â€˜[01m[Kstd::__cxx11::basic_string<char>[m[Kâ€™})
[22.181s]   208 |             topic_names_and_serialization[01;31m[K[[m[Ktopic_name] = ros2_to_serial_bridge::pubsub::TopicMapping();
[22.181s]       |                                          [01;31m[K^[m[K
[22.181s] [01m[K/home/samue/GitHub/esda-ros-firmware/src/esda_ros_interface/src/esda_serial_to_pc.cpp:208:80:[m[K [01;31m[Kerror: [m[Kâ€˜[01m[Kros2_to_serial_bridge::pubsub[m[Kâ€™ has not been declared
[22.181s]   208 |             topic_names_and_serialization[topic_name] = ros2_to_serial_bridge::[01;31m[Kpubsub[m[K::TopicMapping();
[22.181s]       |                                                                                [01;31m[K^~~~~~[m[K
[22.185s] [01m[K/home/samue/GitHub/esda-ros-firmware/src/esda_ros_interface/src/esda_serial_to_pc.cpp:213:38:[m[K [01;31m[Kerror: [m[Kâ€˜[01m[Kget_parameter[m[Kâ€™ was not declared in this scope
[22.185s]   213 |             int64_t serial_mapping = [01;31m[Kget_parameter[m[K(name).get_value<int64_t>();
[22.185s]       |                                      [01;31m[K^~~~~~~~~~~~~[m[K
[22.185s] [01m[K/home/samue/GitHub/esda-ros-firmware/src/esda_ros_interface/src/esda_serial_to_pc.cpp:213:75:[m[K [01;31m[Kerror: [m[Kexpected primary-expression before â€˜[01m[K>[m[Kâ€™ token
[22.185s]   213 |             int64_t serial_mapping = get_parameter(name).get_value<int64_t[01;31m[K>[m[K();
[22.185s]       |                                                                           [01;31m[K^[m[K
[22.185s] [01m[K/home/samue/GitHub/esda-ros-firmware/src/esda_ros_interface/src/esda_serial_to_pc.cpp:213:77:[m[K [01;31m[Kerror: [m[Kexpected primary-expression before â€˜[01m[K)[m[Kâ€™ token
[22.185s]   213 |             int64_t serial_mapping = get_parameter(name).get_value<int64_t>([01;31m[K)[m[K;
[22.185s]       |                                                                             [01;31m[K^[m[K
[22.185s] [01m[K/home/samue/GitHub/esda-ros-firmware/src/esda_ros_interface/src/esda_serial_to_pc.cpp:214:42:[m[K [01;31m[Kerror: [m[Kno match for â€˜[01m[Koperator[][m[Kâ€™ (operand types are â€˜[01m[Kint[m[Kâ€™ and â€˜[01m[Kstd::string[m[Kâ€™ {aka â€˜[01m[Kstd::__cxx11::basic_string<char>[m[Kâ€™})
[22.185s]   214 |             topic_names_and_serialization[01;31m[K[[m[Ktopic_name].serial_mapping = static_cast<topic_id_size_t>(serial_mapping);
[22.185s]       |                                          [01;31m[K^[m[K
[22.187s] [01m[K/home/samue/GitHub/esda-ros-firmware/src/esda_ros_interface/src/esda_serial_to_pc.cpp:214:84:[m[K [01;31m[Kerror: [m[Kâ€˜[01m[Ktopic_id_size_t[m[Kâ€™ does not name a type
[22.187s]   214 |             topic_names_and_serialization[topic_name].serial_mapping = static_cast<[01;31m[Ktopic_id_size_t[m[K>(serial_mapping);
[22.187s]       |                                                                                    [01;31m[K^~~~~~~~~~~~~~~[m[K
[22.187s] [01m[K/home/samue/GitHub/esda-ros-firmware/src/esda_ros_interface/src/esda_serial_to_pc.cpp:218:42:[m[K [01;31m[Kerror: [m[Kno match for â€˜[01m[Koperator[][m[Kâ€™ (operand types are â€˜[01m[Kint[m[Kâ€™ and â€˜[01m[Kstd::string[m[Kâ€™ {aka â€˜[01m[Kstd::__cxx11::basic_string<char>[m[Kâ€™})
[22.187s]   218 |             topic_names_and_serialization[01;31m[K[[m[Ktopic_name].type = get_parameter(name).get_value<std::string>();
[22.187s]       |                                          [01;31m[K^[m[K
[22.190s] [01m[K/home/samue/GitHub/esda-ros-firmware/src/esda_ros_interface/src/esda_serial_to_pc.cpp:218:62:[m[K [01;31m[Kerror: [m[Kâ€˜[01m[Kget_parameter[m[Kâ€™ was not declared in this scope
[22.190s]   218 |             topic_names_and_serialization[topic_name].type = [01;31m[Kget_parameter[m[K(name).get_value<std::string>();
[22.190s]       |                                                              [01;31m[K^~~~~~~~~~~~~[m[K
[22.191s] [01m[K/home/samue/GitHub/esda-ros-firmware/src/esda_ros_interface/src/esda_serial_to_pc.cpp:218:103:[m[K [01;31m[Kerror: [m[Kexpected primary-expression before â€˜[01m[K>[m[Kâ€™ token
[22.191s]   218 |             topic_names_and_serialization[topic_name].type = get_parameter(name).get_value<std::string[01;31m[K>[m[K();
[22.191s]       |                                                                                                       [01;31m[K^[m[K
[22.191s] [01m[K/home/samue/GitHub/esda-ros-firmware/src/esda_ros_interface/src/esda_serial_to_pc.cpp:218:105:[m[K [01;31m[Kerror: [m[Kexpected primary-expression before â€˜[01m[K)[m[Kâ€™ token
[22.191s]   218 |             topic_names_and_serialization[topic_name].type = get_parameter(name).get_value<std::string>([01;31m[K)[m[K;
[22.191s]       |                                                                                                         [01;31m[K^[m[K
[22.194s] [01m[K/home/samue/GitHub/esda-ros-firmware/src/esda_ros_interface/src/esda_serial_to_pc.cpp:222:37:[m[K [01;31m[Kerror: [m[Kâ€˜[01m[Kget_parameter[m[Kâ€™ was not declared in this scope
[22.194s]   222 |             std::string dirstring = [01;31m[Kget_parameter[m[K(name).get_value<std::string>();
[22.194s]       |                                     [01;31m[K^~~~~~~~~~~~~[m[K
[22.194s] [01m[K/home/samue/GitHub/esda-ros-firmware/src/esda_ros_interface/src/esda_serial_to_pc.cpp:222:78:[m[K [01;31m[Kerror: [m[Kexpected primary-expression before â€˜[01m[K>[m[Kâ€™ token
[22.194s]   222 |             std::string dirstring = get_parameter(name).get_value<std::string[01;31m[K>[m[K();
[22.194s]       |                                                                              [01;31m[K^[m[K
[22.194s] [01m[K/home/samue/GitHub/esda-ros-firmware/src/esda_ros_interface/src/esda_serial_to_pc.cpp:222:80:[m[K [01;31m[Kerror: [m[Kexpected primary-expression before â€˜[01m[K)[m[Kâ€™ token
[22.194s]   222 |             std::string dirstring = get_parameter(name).get_value<std::string>([01;31m[K)[m[K;
[22.194s]       |                                                                                [01;31m[K^[m[K
[22.194s] [01m[K/home/samue/GitHub/esda-ros-firmware/src/esda_ros_interface/src/esda_serial_to_pc.cpp:223:36:[m[K [01;31m[Kerror: [m[Kâ€˜[01m[Kros2_to_serial_bridge::pubsub[m[Kâ€™ has not been declared
[22.194s]   223 |             ros2_to_serial_bridge::[01;31m[Kpubsub[m[K::TopicMapping::Direction direction = ros2_to_serial_bridge::pubsub::TopicMapping::Direction::UNKNOWN;
[22.194s]       |                                    [01;31m[K^~~~~~[m[K
[22.197s] [01m[K/home/samue/GitHub/esda-ros-firmware/src/esda_ros_interface/src/esda_serial_to_pc.cpp:226:17:[m[K [01;31m[Kerror: [m[Kâ€˜[01m[Kdirection[m[Kâ€™ was not declared in this scope; did you mean â€˜[01m[Ksigaction[m[Kâ€™?
[22.197s]   226 |                 [01;31m[Kdirection[m[K = ros2_to_serial_bridge::pubsub::TopicMapping::Direction::SERIAL_TO_ROS2;
[22.197s]       |                 [01;31m[K^~~~~~~~~[m[K
[22.197s]       |                 [32m[Ksigaction[m[K
[22.197s] [01m[K/home/samue/GitHub/esda-ros-firmware/src/esda_ros_interface/src/esda_serial_to_pc.cpp:226:52:[m[K [01;31m[Kerror: [m[Kâ€˜[01m[Kros2_to_serial_bridge::pubsub[m[Kâ€™ has not been declared
[22.197s]   226 |                 direction = ros2_to_serial_bridge::[01;31m[Kpubsub[m[K::TopicMapping::Direction::SERIAL_TO_ROS2;
[22.197s]       |                                                    [01;31m[K^~~~~~[m[K
[22.199s] [01m[K/home/samue/GitHub/esda-ros-firmware/src/esda_ros_interface/src/esda_serial_to_pc.cpp:230:17:[m[K [01;31m[Kerror: [m[Kâ€˜[01m[Kdirection[m[Kâ€™ was not declared in this scope; did you mean â€˜[01m[Ksigaction[m[Kâ€™?
[22.199s]   230 |                 [01;31m[Kdirection[m[K = ros2_to_serial_bridge::pubsub::TopicMapping::Direction::ROS2_TO_SERIAL;
[22.199s]       |                 [01;31m[K^~~~~~~~~[m[K
[22.199s]       |                 [32m[Ksigaction[m[K
[22.199s] [01m[K/home/samue/GitHub/esda-ros-firmware/src/esda_ros_interface/src/esda_serial_to_pc.cpp:230:52:[m[K [01;31m[Kerror: [m[Kâ€˜[01m[Kros2_to_serial_bridge::pubsub[m[Kâ€™ has not been declared
[22.199s]   230 |                 direction = ros2_to_serial_bridge::[01;31m[Kpubsub[m[K::TopicMapping::Direction::ROS2_TO_SERIAL;
[22.199s]       |                                                    [01;31m[K^~~~~~[m[K
[22.199s] [01m[K/home/samue/GitHub/esda-ros-firmware/src/esda_ros_interface/src/esda_serial_to_pc.cpp:237:42:[m[K [01;31m[Kerror: [m[Kno match for â€˜[01m[Koperator[][m[Kâ€™ (operand types are â€˜[01m[Kint[m[Kâ€™ and â€˜[01m[Kstd::string[m[Kâ€™ {aka â€˜[01m[Kstd::__cxx11::basic_string<char>[m[Kâ€™})
[22.200s]   237 |             topic_names_and_serialization[01;31m[K[[m[Ktopic_name].direction = direction;
[22.200s]       |                                          [01;31m[K^[m[K
[22.202s] [01m[K/home/samue/GitHub/esda-ros-firmware/src/esda_ros_interface/src/esda_serial_to_pc.cpp:237:67:[m[K [01;31m[Kerror: [m[Kâ€˜[01m[Kdirection[m[Kâ€™ was not declared in this scope; did you mean â€˜[01m[Ksigaction[m[Kâ€™?
[22.202s]   237 |             topic_names_and_serialization[topic_name].direction = [01;31m[Kdirection[m[K;
[22.202s]       |                                                                   [01;31m[K^~~~~~~~~[m[K
[22.202s]       |                                                                   [32m[Ksigaction[m[K
[22.202s] [01m[K/home/samue/GitHub/esda-ros-firmware/src/esda_ros_interface/src/esda_serial_to_pc.cpp:[m[K At global scope:
[22.202s] [01m[K/home/samue/GitHub/esda-ros-firmware/src/esda_ros_interface/src/esda_serial_to_pc.cpp:248:46:[m[K [01;31m[Kerror: [m[Kâ€˜[01m[Kpubsub[m[Kâ€™ is not a member of â€˜[01m[Kros2_to_serial_bridge[m[Kâ€™
[22.202s]   248 | std::map<std::string, ros2_to_serial_bridge::[01;31m[Kpubsub[m[K::TopicMapping> ROS2ToSerialBridge::dynamically_get_serial_mapping(uint64_t wait_ms)
[22.202s]       |                                              [01;31m[K^~~~~~[m[K
[22.203s] [01m[K/home/samue/GitHub/esda-ros-firmware/src/esda_ros_interface/src/esda_serial_to_pc.cpp:248:66:[m[K [01;31m[Kerror: [m[Ktemplate argument 2 is invalid
[22.203s]   248 | std::map<std::string, ros2_to_serial_bridge::pubsub::TopicMapping[01;31m[K>[m[K ROS2ToSerialBridge::dynamically_get_serial_mapping(uint64_t wait_ms)
[22.203s]       |                                                                  [01;31m[K^[m[K
[22.203s] [01m[K/home/samue/GitHub/esda-ros-firmware/src/esda_ros_interface/src/esda_serial_to_pc.cpp:248:66:[m[K [01;31m[Kerror: [m[Ktemplate argument 4 is invalid
[22.203s] [01m[K/home/samue/GitHub/esda-ros-firmware/src/esda_ros_interface/src/esda_serial_to_pc.cpp:248:68:[m[K [01;31m[Kerror: [m[Kâ€˜[01m[KROS2ToSerialBridge[m[Kâ€™ has not been declared
[22.203s]   248 | std::map<std::string, ros2_to_serial_bridge::pubsub::TopicMapping> [01;31m[KROS2ToSerialBridge[m[K::dynamically_get_serial_mapping(uint64_t wait_ms)
[22.203s]       |                                                                    [01;31m[K^~~~~~~~~~~~~~~~~~[m[K
[22.203s] [01m[K/home/samue/GitHub/esda-ros-firmware/src/esda_ros_interface/src/esda_serial_to_pc.cpp:[m[K In function â€˜[01m[Kint ros2_to_serial_bridge::dynamically_get_serial_mapping(uint64_t)[m[Kâ€™:
[22.203s] [01m[K/home/samue/GitHub/esda-ros-firmware/src/esda_ros_interface/src/esda_serial_to_pc.cpp:250:50:[m[K [01;31m[Kerror: [m[Kâ€˜[01m[Kpubsub[m[Kâ€™ is not a member of â€˜[01m[Kros2_to_serial_bridge[m[Kâ€™
[22.203s]   250 |     std::map<std::string, ros2_to_serial_bridge::[01;31m[Kpubsub[m[K::TopicMapping> topic_names_and_serialization;
[22.203s]       |                                                  [01;31m[K^~~~~~[m[K
[22.203s] [01m[K/home/samue/GitHub/esda-ros-firmware/src/esda_ros_interface/src/esda_serial_to_pc.cpp:250:70:[m[K [01;31m[Kerror: [m[Ktemplate argument 2 is invalid
[22.203s]   250 |     std::map<std::string, ros2_to_serial_bridge::pubsub::TopicMapping[01;31m[K>[m[K topic_names_and_serialization;
[22.203s]       |                                                                      [01;31m[K^[m[K
[22.203s] [01m[K/home/samue/GitHub/esda-ros-firmware/src/esda_ros_interface/src/esda_serial_to_pc.cpp:250:70:[m[K [01;31m[Kerror: [m[Ktemplate argument 4 is invalid
[22.203s] [01m[K/home/samue/GitHub/esda-ros-firmware/src/esda_ros_interface/src/esda_serial_to_pc.cpp:256:9:[m[K [01;31m[Kerror: [m[Kâ€˜[01m[Kstd_msgs[m[Kâ€™ has not been declared
[22.203s]   256 |         [01;31m[Kstd_msgs[m[K::msg::Empty dynamic_request;
[22.203s]       |         [01;31m[K^~~~~~~~[m[K
[22.203s] [01m[K/home/samue/GitHub/esda-ros-firmware/src/esda_ros_interface/src/esda_serial_to_pc.cpp:257:34:[m[K [01;31m[Kerror: [m[Kâ€˜[01m[Kstd_msgs[m[Kâ€™ has not been declared
[22.203s]   257 |         size_t serialized_size = [01;31m[Kstd_msgs[m[K::msg::typesupport_fastrtps_cpp::get_serialized_size(dynamic_request, 0);
[22.203s]       |                                  [01;31m[K^~~~~~~~[m[K
[22.206s] [01m[K/home/samue/GitHub/esda-ros-firmware/src/esda_ros_interface/src/esda_serial_to_pc.cpp:257:95:[m[K [01;31m[Kerror: [m[Kâ€˜[01m[Kdynamic_request[m[Kâ€™ was not declared in this scope
[22.207s]   257 |         size_t serialized_size = std_msgs::msg::typesupport_fastrtps_cpp::get_serialized_size([01;31m[Kdynamic_request[m[K, 0);
[22.207s]       |                                                                                               [01;31m[K^~~~~~~~~~~~~~~[m[K
[22.207s] [01m[K/home/samue/GitHub/esda-ros-firmware/src/esda_ros_interface/src/esda_serial_to_pc.cpp:264:13:[m[K [01;31m[Kerror: [m[Kâ€˜[01m[Keprosima[m[Kâ€™ has not been declared
[22.208s]   264 |             [01;31m[Keprosima[m[K::fastcdr::FastBuffer cdrbuffer(reinterpret_cast<char *>(data_buffer.get()), serialized_size);
[22.208s]       |             [01;31m[K^~~~~~~~[m[K
[22.208s] [01m[K/home/samue/GitHub/esda-ros-firmware/src/esda_ros_interface/src/esda_serial_to_pc.cpp:265:13:[m[K [01;31m[Kerror: [m[Kâ€˜[01m[Keprosima[m[Kâ€™ has not been declared
[22.208s]   265 |             [01;31m[Keprosima[m[K::fastcdr::Cdr scdr(cdrbuffer);
[22.208s]       |             [01;31m[K^~~~~~~~[m[K
[22.208s] [01m[K/home/samue/GitHub/esda-ros-firmware/src/esda_ros_interface/src/esda_serial_to_pc.cpp:266:13:[m[K [01;31m[Kerror: [m[Kâ€˜[01m[Kstd_msgs[m[Kâ€™ has not been declared
[22.208s]   266 |             [01;31m[Kstd_msgs[m[K::msg::typesupport_fastrtps_cpp::cdr_serialize(dynamic_request, scdr);
[22.208s]       |             [01;31m[K^~~~~~~~[m[K
[22.209s] [01m[K/home/samue/GitHub/esda-ros-firmware/src/esda_ros_interface/src/esda_serial_to_pc.cpp:266:85:[m[K [01;31m[Kerror: [m[Kâ€˜[01m[Kscdr[m[Kâ€™ was not declared in this scope
[22.210s]   266 |             std_msgs::msg::typesupport_fastrtps_cpp::cdr_serialize(dynamic_request, [01;31m[Kscdr[m[K);
[22.210s]       |                                                                                     [01;31m[K^~~~[m[K
[22.213s] [01m[K/home/samue/GitHub/esda-ros-firmware/src/esda_ros_interface/src/esda_serial_to_pc.cpp:271:13:[m[K [01;31m[Kerror: [m[Kâ€˜[01m[Ktransporter_[m[Kâ€™ was not declared in this scope
[22.213s]   271 |         if ([01;31m[Ktransporter_[m[K->write(0, bufferp, serialized_data_length) < 0)
[22.213s]       |             [01;31m[K^~~~~~~~~~~~[m[K
[22.216s] [01m[K/home/samue/GitHub/esda-ros-firmware/src/esda_ros_interface/src/esda_serial_to_pc.cpp:278:56:[m[K [01;31m[Kerror: [m[Kâ€˜[01m[KBUFFER_SIZE[m[Kâ€™ was not declared in this scope
[22.216s]   278 |     std::unique_ptr<uint8_t[]> data_buffer(new uint8_t[[01;31m[KBUFFER_SIZE[m[K]);
[22.216s]       |                                                        [01;31m[K^~~~~~~~~~~[m[K
[22.218s] [01m[K/home/samue/GitHub/esda-ros-firmware/src/esda_ros_interface/src/esda_serial_to_pc.cpp:281:5:[m[K [01;31m[Kerror: [m[Kâ€˜[01m[Kros2_serial_msgs[m[Kâ€™ has not been declared
[22.218s]   281 |     [01;31m[Kros2_serial_msgs[m[K::msg::SerialMapping serial_mapping_msg;
[22.218s]       |     [01;31m[K^~~~~~~~~~~~~~~~[m[K
[22.221s] [01m[K/home/samue/GitHub/esda-ros-firmware/src/esda_ros_interface/src/esda_serial_to_pc.cpp:286:9:[m[K [01;31m[Kerror: [m[Kâ€˜[01m[Ktopic_id_size_t[m[Kâ€™ was not declared in this scope
[22.222s]   286 |         [01;31m[Ktopic_id_size_t[m[K topic_ID;
[22.222s]       |         [01;31m[K^~~~~~~~~~~~~~~[m[K
[22.225s] [01m[K/home/samue/GitHub/esda-ros-firmware/src/esda_ros_interface/src/esda_serial_to_pc.cpp:287:23:[m[K [01;31m[Kerror: [m[Kâ€˜[01m[Ktransporter_[m[Kâ€™ was not declared in this scope
[22.225s]   287 |         if ((length = [01;31m[Ktransporter_[m[K->read(&topic_ID, data_buffer.get(), BUFFER_SIZE)) > 0)
[22.225s]       |                       [01;31m[K^~~~~~~~~~~~[m[K
[22.228s] [01m[K/home/samue/GitHub/esda-ros-firmware/src/esda_ros_interface/src/esda_serial_to_pc.cpp:287:43:[m[K [01;31m[Kerror: [m[Kâ€˜[01m[Ktopic_ID[m[Kâ€™ was not declared in this scope
[22.228s]   287 |         if ((length = transporter_->read(&[01;31m[Ktopic_ID[m[K, data_buffer.get(), BUFFER_SIZE)) > 0)
[22.228s]       |                                           [01;31m[K^~~~~~~~[m[K
[22.228s] [01m[K/home/samue/GitHub/esda-ros-firmware/src/esda_ros_interface/src/esda_serial_to_pc.cpp:291:17:[m[K [01;31m[Kerror: [m[Kâ€˜[01m[Keprosima[m[Kâ€™ has not been declared
[22.228s]   291 |                 [01;31m[Keprosima[m[K::fastcdr::FastBuffer cdrbuffer(reinterpret_cast<char *>(data_buffer.get()), length);
[22.228s]       |                 [01;31m[K^~~~~~~~[m[K
[22.228s] [01m[K/home/samue/GitHub/esda-ros-firmware/src/esda_ros_interface/src/esda_serial_to_pc.cpp:292:17:[m[K [01;31m[Kerror: [m[Kâ€˜[01m[Keprosima[m[Kâ€™ has not been declared
[22.228s]   292 |                 [01;31m[Keprosima[m[K::fastcdr::Cdr cdrdes(cdrbuffer);
[22.228s]       |                 [01;31m[K^~~~~~~~[m[K
[22.228s] [01m[K/home/samue/GitHub/esda-ros-firmware/src/esda_ros_interface/src/esda_serial_to_pc.cpp:298:21:[m[K [01;31m[Kerror: [m[Kâ€˜[01m[Kros2_serial_msgs[m[Kâ€™ has not been declared
[22.228s]   298 |                     [01;31m[Kros2_serial_msgs[m[K::msg::typesupport_fastrtps_cpp::cdr_deserialize(cdrdes, serial_mapping_msg);
[22.228s]       |                     [01;31m[K^~~~~~~~~~~~~~~~[m[K
[22.230s] [01m[K/home/samue/GitHub/esda-ros-firmware/src/esda_ros_interface/src/esda_serial_to_pc.cpp:298:86:[m[K [01;31m[Kerror: [m[Kâ€˜[01m[Kcdrdes[m[Kâ€™ was not declared in this scope
[22.230s]   298 |                     ros2_serial_msgs::msg::typesupport_fastrtps_cpp::cdr_deserialize([01;31m[Kcdrdes[m[K, serial_mapping_msg);
[22.230s]       |                                                                                      [01;31m[K^~~~~~[m[K
[22.235s] [01m[K/home/samue/GitHub/esda-ros-firmware/src/esda_ros_interface/src/esda_serial_to_pc.cpp:298:94:[m[K [01;31m[Kerror: [m[Kâ€˜[01m[Kserial_mapping_msg[m[Kâ€™ was not declared in this scope
[22.235s]   298 |                     ros2_serial_msgs::msg::typesupport_fastrtps_cpp::cdr_deserialize(cdrdes, [01;31m[Kserial_mapping_msg[m[K);
[22.235s]       |                                                                                              [01;31m[K^~~~~~~~~~~~~~~~~~[m[K
[22.236s] [01m[K/home/samue/GitHub/esda-ros-firmware/src/esda_ros_interface/src/esda_serial_to_pc.cpp:300:29:[m[K [01;31m[Kerror: [m[KISO C++ forbids declaration of â€˜[01m[Keprosima[m[Kâ€™ with no type [[01;31m[K]8;;https://gcc.gnu.org/onlinedocs/gcc/Warning-Options.html#index-fpermissive-fpermissive]8;;[m[K]
[22.236s]   300 |                 catch(const [01;31m[Keprosima[m[K::fastcdr::exception::NotEnoughMemoryException & err)
[22.236s]       |                             [01;31m[K^~~~~~~~[m[K
[22.237s] [01m[K/home/samue/GitHub/esda-ros-firmware/src/esda_ros_interface/src/esda_serial_to_pc.cpp:300:37:[m[K [01;31m[Kerror: [m[Kexpected â€˜[01m[K)[m[Kâ€™ before â€˜[01m[K::[m[Kâ€™ token
[22.237s]   300 |                 catch[34m[K([m[Kconst eprosima[01;31m[K:[m[K[32m[K:[m[Kfastcdr::exception::NotEnoughMemoryException & err)
[22.237s]       |                      [34m[K~[m[K              [01;31m[K^[m[K[32m[K~[m[K
[22.237s]       |                                     [32m[K)[m[K
[22.237s] [01m[K/home/samue/GitHub/esda-ros-firmware/src/esda_ros_interface/src/esda_serial_to_pc.cpp:300:37:[m[K [01;31m[Kerror: [m[Kexpected â€˜[01m[K{[m[Kâ€™ before â€˜[01m[K::[m[Kâ€™ token
[22.237s]   300 |                 catch(const eprosima[01;31m[K::[m[Kfastcdr::exception::NotEnoughMemoryException & err)
[22.237s]       |                                     [01;31m[K^~[m[K
[22.237s] [01m[K/home/samue/GitHub/esda-ros-firmware/src/esda_ros_interface/src/esda_serial_to_pc.cpp:300:39:[m[K [01;31m[Kerror: [m[Kâ€˜[01m[K::fastcdr[m[Kâ€™ has not been declared
[22.237s]   300 |                 catch(const eprosima::[01;31m[Kfastcdr[m[K::exception::NotEnoughMemoryException & err)
[22.237s]       |                                       [01;31m[K^~~~~~~[m[K
[22.239s] [01m[K/home/samue/GitHub/esda-ros-firmware/src/esda_ros_interface/src/esda_serial_to_pc.cpp:300:86:[m[K [01;31m[Kerror: [m[Kâ€˜[01m[Kerr[m[Kâ€™ was not declared in this scope; did you mean â€˜[01m[Kerf[m[Kâ€™?
[22.239s]   300 |                 catch(const eprosima::fastcdr::exception::NotEnoughMemoryException & [01;31m[Kerr[m[K)
[22.239s]       |                                                                                      [01;31m[K^~~[m[K
[22.239s]       |                                                                                      [32m[Kerf[m[K
[22.244s] [01m[K/home/samue/GitHub/esda-ros-firmware/src/esda_ros_interface/src/esda_serial_to_pc.cpp:321:9:[m[K [01;31m[Kerror: [m[Kâ€˜[01m[Kserial_mapping_msg[m[Kâ€™ was not declared in this scope
[22.244s]   321 |     if ([01;31m[Kserial_mapping_msg[m[K.topic_names.size() != serial_mapping_msg.serial_mappings.size() ||
[22.244s]       |         [01;31m[K^~~~~~~~~~~~~~~~~~[m[K
[22.249s] [01m[K/home/samue/GitHub/esda-ros-firmware/src/esda_ros_interface/src/esda_serial_to_pc.cpp:328:28:[m[K [01;31m[Kerror: [m[Kâ€˜[01m[Kserial_mapping_msg[m[Kâ€™ was not declared in this scope
[22.249s]   328 |     for (size_t i = 0; i < [01;31m[Kserial_mapping_msg[m[K.topic_names.size(); ++i)
[22.249s]       |                            [01;31m[K^~~~~~~~~~~~~~~~~~[m[K
[22.249s] [01m[K/home/samue/GitHub/esda-ros-firmware/src/esda_ros_interface/src/esda_serial_to_pc.cpp:332:38:[m[K [01;31m[Kerror: [m[Kno match for â€˜[01m[Koperator[][m[Kâ€™ (operand types are â€˜[01m[Kint[m[Kâ€™ and â€˜[01m[Kstd::string[m[Kâ€™ {aka â€˜[01m[Kstd::__cxx11::basic_string<char>[m[Kâ€™})
[22.249s]   332 |         topic_names_and_serialization[01;31m[K[[m[Ktopic_name] = ros2_to_serial_bridge::pubsub::TopicMapping();
[22.249s]       |                                      [01;31m[K^[m[K
[22.249s] [01m[K/home/samue/GitHub/esda-ros-firmware/src/esda_ros_interface/src/esda_serial_to_pc.cpp:332:76:[m[K [01;31m[Kerror: [m[Kâ€˜[01m[Kros2_to_serial_bridge::pubsub[m[Kâ€™ has not been declared
[22.249s]   332 |         topic_names_and_serialization[topic_name] = ros2_to_serial_bridge::[01;31m[Kpubsub[m[K::TopicMapping();
[22.249s]       |                                                                            [01;31m[K^~~~~~[m[K
[22.249s] [01m[K/home/samue/GitHub/esda-ros-firmware/src/esda_ros_interface/src/esda_serial_to_pc.cpp:333:38:[m[K [01;31m[Kerror: [m[Kno match for â€˜[01m[Koperator[][m[Kâ€™ (operand types are â€˜[01m[Kint[m[Kâ€™ and â€˜[01m[Kstd::string[m[Kâ€™ {aka â€˜[01m[Kstd::__cxx11::basic_string<char>[m[Kâ€™})
[22.249s]   333 |         topic_names_and_serialization[01;31m[K[[m[Ktopic_name].serial_mapping = serial_mapping_msg.serial_mappings[i];
[22.249s]       |                                      [01;31m[K^[m[K
[22.249s] [01m[K/home/samue/GitHub/esda-ros-firmware/src/esda_ros_interface/src/esda_serial_to_pc.cpp:334:38:[m[K [01;31m[Kerror: [m[Kno match for â€˜[01m[Koperator[][m[Kâ€™ (operand types are â€˜[01m[Kint[m[Kâ€™ and â€˜[01m[Kstd::string[m[Kâ€™ {aka â€˜[01m[Kstd::__cxx11::basic_string<char>[m[Kâ€™})
[22.249s]   334 |         topic_names_and_serialization[01;31m[K[[m[Ktopic_name].type = serial_mapping_msg.types[i];
[22.249s]       |                                      [01;31m[K^[m[K
[22.249s] [01m[K/home/samue/GitHub/esda-ros-firmware/src/esda_ros_interface/src/esda_serial_to_pc.cpp:337:26:[m[K [01;31m[Kerror: [m[Kâ€˜[01m[Kros2_serial_msgs[m[Kâ€™ has not been declared
[22.249s]   337 |         if (direction == [01;31m[Kros2_serial_msgs[m[K::msg::SerialMapping::SERIALTOROS2)
[22.249s]       |                          [01;31m[K^~~~~~~~~~~~~~~~[m[K
[22.249s] [01m[K/home/samue/GitHub/esda-ros-firmware/src/esda_ros_interface/src/esda_serial_to_pc.cpp:339:42:[m[K [01;31m[Kerror: [m[Kno match for â€˜[01m[Koperator[][m[Kâ€™ (operand types are â€˜[01m[Kint[m[Kâ€™ and â€˜[01m[Kstd::string[m[Kâ€™ {aka â€˜[01m[Kstd::__cxx11::basic_string<char>[m[Kâ€™})
[22.249s]   339 |             topic_names_and_serialization[01;31m[K[[m[Ktopic_name].direction = ros2_to_serial_bridge::pubsub::TopicMapping::Direction::SERIAL_TO_ROS2;
[22.249s]       |                                          [01;31m[K^[m[K
[22.250s] [01m[K/home/samue/GitHub/esda-ros-firmware/src/esda_ros_interface/src/esda_serial_to_pc.cpp:339:90:[m[K [01;31m[Kerror: [m[Kâ€˜[01m[Kros2_to_serial_bridge::pubsub[m[Kâ€™ has not been declared
[22.250s]   339 |             topic_names_and_serialization[topic_name].direction = ros2_to_serial_bridge::[01;31m[Kpubsub[m[K::TopicMapping::Direction::SERIAL_TO_ROS2;
[22.250s]       |                                                                                          [01;31m[K^~~~~~[m[K
[22.250s] [01m[K/home/samue/GitHub/esda-ros-firmware/src/esda_ros_interface/src/esda_serial_to_pc.cpp:341:31:[m[K [01;31m[Kerror: [m[Kâ€˜[01m[Kros2_serial_msgs[m[Kâ€™ has not been declared
[22.250s]   341 |         else if (direction == [01;31m[Kros2_serial_msgs[m[K::msg::SerialMapping::ROS2TOSERIAL)
[22.250s]       |                               [01;31m[K^~~~~~~~~~~~~~~~[m[K
[22.250s] [01m[K/home/samue/GitHub/esda-ros-firmware/src/esda_ros_interface/src/esda_serial_to_pc.cpp:343:42:[m[K [01;31m[Kerror: [m[Kno match for â€˜[01m[Koperator[][m[Kâ€™ (operand types are â€˜[01m[Kint[m[Kâ€™ and â€˜[01m[Kstd::string[m[Kâ€™ {aka â€˜[01m[Kstd::__cxx11::basic_string<char>[m[Kâ€™})
[22.250s]   343 |             topic_names_and_serialization[01;31m[K[[m[Ktopic_name].direction = ros2_to_serial_bridge::pubsub::TopicMapping::Direction::ROS2_TO_SERIAL;
[22.250s]       |                                          [01;31m[K^[m[K
[22.250s] [01m[K/home/samue/GitHub/esda-ros-firmware/src/esda_ros_interface/src/esda_serial_to_pc.cpp:343:90:[m[K [01;31m[Kerror: [m[Kâ€˜[01m[Kros2_to_serial_bridge::pubsub[m[Kâ€™ has not been declared
[22.250s]   343 |             topic_names_and_serialization[topic_name].direction = ros2_to_serial_bridge::[01;31m[Kpubsub[m[K::TopicMapping::Direction::ROS2_TO_SERIAL;
[22.250s]       |                                                                                          [01;31m[K^~~~~~[m[K
[22.260s] In file included from [01m[K/opt/ros/humble/include/class_loader/class_loader/class_loader.hpp:56[m[K,
[22.260s]                  from [01m[K/opt/ros/humble/include/rclcpp_components/rclcpp_components/register_node_macro.hpp:18[m[K,
[22.260s]                  from [01m[K/home/samue/GitHub/esda-ros-firmware/src/esda_ros_interface/src/esda_serial_to_pc.cpp:356[m[K:
[22.260s] [01m[K/home/samue/GitHub/esda-ros-firmware/src/esda_ros_interface/src/esda_serial_to_pc.cpp:[m[K At global scope:
[22.260s] [01m[K/home/samue/GitHub/esda-ros-firmware/src/esda_ros_interface/src/esda_serial_to_pc.cpp:358:56:[m[K [01;31m[Kerror: [m[Kâ€˜[01m[KROS2ToSerialBridge[m[Kâ€™ is not a member of â€˜[01m[Kros2_to_serial_bridge[m[Kâ€™
[22.260s]   358 | RCLCPP_COMPONENTS_REGISTER_NODE(ros2_to_serial_bridge::[01;31m[KROS2ToSerialBridge[m[K)
[22.260s]       |                                                        [01;31m[K^~~~~~~~~~~~~~~~~~[m[K
[22.260s] [01m[K/home/samue/GitHub/esda-ros-firmware/src/esda_ros_interface/src/esda_serial_to_pc.cpp:358:1:[m[K [01;31m[Kerror: [m[Ktemplate argument 1 is invalid
[22.260s]   358 | [01;31m[KRCLCPP_COMPONENTS_REGISTER_NODE[m[K(ros2_to_serial_bridge::ROS2ToSerialBridge)
[22.260s]       | [01;31m[K^~~~~~~~~~~~~~~~~~~~~~~~~~~~~~~[m[K
[22.572s] In file included from [01m[K/opt/ros/humble/include/class_loader/class_loader/class_loader_core.hpp:57[m[K,
[22.573s]                  from [01m[K/opt/ros/humble/include/class_loader/class_loader/class_loader.hpp:55[m[K,
[22.573s]                  from [01m[K/opt/ros/humble/include/rclcpp_components/rclcpp_components/register_node_macro.hpp:18[m[K,
[22.573s]                  from [01m[K/home/samue/GitHub/esda-ros-firmware/src/esda_ros_interface/src/esda_serial_to_pc.cpp:356[m[K:
[22.573s] /opt/ros/humble/include/class_loader/class_loader/meta_object.hpp: In instantiation of â€˜[01m[KB* class_loader::impl::MetaObject<C, B>::create() const [with C = int; B = rclcpp_components::NodeFactory][m[Kâ€™:
[22.573s] [01m[K/opt/ros/humble/include/class_loader/class_loader/meta_object.hpp:216:7:[m[K   required from here
[22.573s] [01m[K/opt/ros/humble/include/class_loader/class_loader/meta_object.hpp:218:12:[m[K [01;31m[Kerror: [m[Kcannot convert â€˜[01m[Kint*[m[Kâ€™ to â€˜[01m[Krclcpp_components::NodeFactory*[m[Kâ€™ in return
[22.573s]   218 |     return [01;31m[Knew C[m[K;
[22.573s]       |            [01;31m[K^~~~~[m[K
[22.573s]       |            [01;31m[K|[m[K
[22.573s]       |            [01;31m[Kint*[m[K
[22.618s] gmake[2]: *** [CMakeFiles/esda_serial_to_pc.dir/build.make:76: CMakeFiles/esda_serial_to_pc.dir/src/esda_serial_to_pc.cpp.o] Error 1
[22.618s] gmake[1]: *** [CMakeFiles/Makefile2:596: CMakeFiles/esda_serial_to_pc.dir/all] Error 2
[22.618s] gmake: *** [Makefile:146: all] Error 2
[22.621s] Invoked command in '/home/samue/GitHub/esda-ros-firmware/src/build/esda_ros_interface' returned '2': CMAKE_PREFIX_PATH=${CMAKE_PREFIX_PATH}:/home/samue/install/launch_testing_examples:/home/samue/install/examples_rclpy_pointcloud_publisher:/home/samue/install/examples_rclpy_minimal_subscriber:/home/samue/install/examples_rclpy_minimal_service:/home/samue/install/examples_rclpy_minimal_publisher:/home/samue/install/examples_rclpy_minimal_client:/home/samue/install/examples_rclpy_minimal_action_server:/home/samue/install/examples_rclpy_minimal_action_client:/home/samue/install/examples_rclpy_guard_conditions:/home/samue/install/examples_rclpy_executors:/opt/ros/humble WSLENV=ELECTRON_RUN_AS_NODE/w: /usr/bin/cmake --build /home/samue/GitHub/esda-ros-firmware/src/build/esda_ros_interface -- -j20 -l20
