[0.023s] Invoking command in '/home/samue/GitHub/esda-ros-firmware/src/build/esda_ros_interface': CMAKE_PREFIX_PATH=${CMAKE_PREFIX_PATH}:/home/samue/install/launch_testing_examples:/home/samue/install/examples_rclpy_pointcloud_publisher:/home/samue/install/examples_rclpy_minimal_subscriber:/home/samue/install/examples_rclpy_minimal_service:/home/samue/install/examples_rclpy_minimal_publisher:/home/samue/install/examples_rclpy_minimal_client:/home/samue/install/examples_rclpy_minimal_action_server:/home/samue/install/examples_rclpy_minimal_action_client:/home/samue/install/examples_rclpy_guard_conditions:/home/samue/install/examples_rclpy_executors:/opt/ros/humble WSLENV=ELECTRON_RUN_AS_NODE/w: /usr/bin/cmake --build /home/samue/GitHub/esda-ros-firmware/src/build/esda_ros_interface -- -j20 -l20
[0.097s] -- Found ament_cmake: 1.3.9 (/opt/ros/humble/share/ament_cmake/cmake)
[0.311s] -- Found rosidl_default_generators: 1.2.0 (/opt/ros/humble/share/rosidl_default_generators/cmake)
[0.319s] -- Using all available rosidl_typesupport_c: rosidl_typesupport_fastrtps_c;rosidl_typesupport_introspection_c
[0.326s] -- Found rosidl_adapter: 3.1.5 (/opt/ros/humble/share/rosidl_adapter/cmake)
[0.848s] -- Using all available rosidl_typesupport_cpp: rosidl_typesupport_fastrtps_cpp;rosidl_typesupport_introspection_cpp
[0.897s] -- Found rclcpp: 16.0.9 (/opt/ros/humble/share/rclcpp/cmake)
[0.989s] -- Found rmw_implementation_cmake: 6.1.2 (/opt/ros/humble/share/rmw_implementation_cmake/cmake)
[0.992s] -- Found rmw_fastrtps_cpp: 6.2.6 (/opt/ros/humble/share/rmw_fastrtps_cpp/cmake)
[18.604s] -- Using RMW implementation 'rmw_fastrtps_cpp' as default
[18.771s] -- Found rclcpp_components: 16.0.9 (/opt/ros/humble/share/rclcpp_components/cmake)
[19.107s] -- Found ament_cmake_ros: 0.10.0 (/opt/ros/humble/share/ament_cmake_ros/cmake)
[19.316s] -- Using all available rosidl_typesupport_c: rosidl_typesupport_fastrtps_c;rosidl_typesupport_introspection_c
[19.552s] -- Using all available rosidl_typesupport_cpp: rosidl_typesupport_fastrtps_cpp;rosidl_typesupport_introspection_cpp
[19.578s] -- Found python_cmake_module: 0.10.0 (/opt/ros/humble/share/python_cmake_module/cmake)
[19.610s] -- Using PYTHON_EXECUTABLE: /usr/bin/python3
[19.610s] -- Using PYTHON_INCLUDE_DIRS: /usr/include/python3.10
[19.610s] -- Using PYTHON_LIBRARIES: /usr/lib/x86_64-linux-gnu/libpython3.10.so
[19.640s] [0mCMake Deprecation Warning at /opt/ros/humble/share/rosidl_cmake/cmake/rosidl_target_interfaces.cmake:32 (message):
[19.640s]   Use rosidl_get_typesupport_target() and target_link_libraries() instead of
[19.640s]   rosidl_target_interfaces()
[19.640s] Call Stack (most recent call first):
[19.640s]   CMakeLists.txt:40 (rosidl_target_interfaces)
[19.640s] 
[19.640s] [0m
[19.655s] -- Configuring done
[19.722s] -- Generating done
[19.726s] -- Build files have been written to: /home/samue/GitHub/esda-ros-firmware/src/build/esda_ros_interface
[19.757s] [35m[1mConsolidate compiler generated dependencies of target esda_ros_interface__rosidl_generator_c[0m
[19.767s] [35m[1mConsolidate compiler generated dependencies of target esda_serial_to_pc_node[0m
[19.767s] [  2%] Built target esda_ros_interface__cpp
[19.768s] [ 11%] Built target esda_ros_interface__rosidl_generator_c
[19.777s] [35m[1mConsolidate compiler generated dependencies of target esda_ros_interface__rosidl_typesupport_cpp[0m
[19.781s] [ 17%] Built target esda_serial_to_pc_node
[19.783s] [35m[1mConsolidate compiler generated dependencies of target esda_ros_interface__rosidl_typesupport_introspection_cpp[0m
[19.790s] [35m[1mConsolidate compiler generated dependencies of target esda_ros_interface__rosidl_typesupport_fastrtps_cpp[0m
[19.792s] [35m[1mConsolidate compiler generated dependencies of target esda_ros_interface__rosidl_typesupport_fastrtps_c[0m
[19.794s] [ 25%] Built target esda_ros_interface__rosidl_typesupport_introspection_cpp
[19.794s] [ 34%] Built target esda_ros_interface__rosidl_typesupport_cpp
[19.794s] [35m[1mConsolidate compiler generated dependencies of target esda_ros_interface__rosidl_typesupport_introspection_c[0m
[19.794s] [ 34%] Built target ament_cmake_python_copy_esda_ros_interface
[19.802s] [ 42%] Built target esda_ros_interface__rosidl_typesupport_fastrtps_c
[19.804s] [35m[1mConsolidate compiler generated dependencies of target esda_ros_interface__rosidl_typesupport_c[0m
[19.805s] [ 51%] Built target esda_ros_interface__rosidl_typesupport_introspection_c
[19.806s] [ 60%] Built target esda_ros_interface__rosidl_typesupport_fastrtps_cpp
[19.812s] [ 68%] Built target esda_ros_interface__rosidl_typesupport_c
[19.828s] [ 68%] Built target esda_ros_interface
[19.842s] [35m[1mConsolidate compiler generated dependencies of target esda_serial_to_pc[0m
[19.845s] [ 71%] Built target esda_ros_interface__py
[19.853s] [35m[1mConsolidate compiler generated dependencies of target esda_ros_interface__rosidl_generator_py[0m
[19.856s] [ 74%] [32mBuilding CXX object CMakeFiles/esda_serial_to_pc.dir/src/esda_serial_to_pc.cpp.o[0m
[19.864s] [ 80%] Built target esda_ros_interface__rosidl_generator_py
[19.872s] [35m[1mConsolidate compiler generated dependencies of target esda_ros_interface__rosidl_typesupport_fastrtps_c__pyext[0m
[19.873s] [35m[1mConsolidate compiler generated dependencies of target esda_ros_interface__rosidl_typesupport_c__pyext[0m
[19.873s] [35m[1mConsolidate compiler generated dependencies of target esda_ros_interface__rosidl_typesupport_introspection_c__pyext[0m
[19.884s] [ 85%] Built target esda_ros_interface__rosidl_typesupport_introspection_c__pyext
[19.885s] [ 91%] Built target esda_ros_interface__rosidl_typesupport_fastrtps_c__pyext
[19.888s] [ 97%] Built target esda_ros_interface__rosidl_typesupport_c__pyext
[20.032s] running egg_info
[20.033s] writing esda_ros_interface.egg-info/PKG-INFO
[20.034s] writing dependency_links to esda_ros_interface.egg-info/dependency_links.txt
[20.034s] writing top-level names to esda_ros_interface.egg-info/top_level.txt
[20.036s] reading manifest file 'esda_ros_interface.egg-info/SOURCES.txt'
[20.037s] writing manifest file 'esda_ros_interface.egg-info/SOURCES.txt'
[20.060s] [ 97%] Built target ament_cmake_python_build_esda_ros_interface_egg
[20.222s] [01m[K/home/samue/GitHub/esda-ros-firmware/src/esda_ros_interface/src/esda_serial_to_pc.cpp:8:10:[m[K [01;31m[Kfatal error: [m[Kstd_msgs/msg/string.hpp: No such file or directory
[20.222s]     8 | #include [01;31m[K"std_msgs/msg/string.hpp"[m[K
[20.222s]       |          [01;31m[K^~~~~~~~~~~~~~~~~~~~~~~~~[m[K
[20.222s] compilation terminated.
[20.224s] gmake[2]: *** [CMakeFiles/esda_serial_to_pc.dir/build.make:76: CMakeFiles/esda_serial_to_pc.dir/src/esda_serial_to_pc.cpp.o] Error 1
[20.224s] gmake[1]: *** [CMakeFiles/Makefile2:596: CMakeFiles/esda_serial_to_pc.dir/all] Error 2
[20.224s] gmake: *** [Makefile:146: all] Error 2
[20.227s] Invoked command in '/home/samue/GitHub/esda-ros-firmware/src/build/esda_ros_interface' returned '2': CMAKE_PREFIX_PATH=${CMAKE_PREFIX_PATH}:/home/samue/install/launch_testing_examples:/home/samue/install/examples_rclpy_pointcloud_publisher:/home/samue/install/examples_rclpy_minimal_subscriber:/home/samue/install/examples_rclpy_minimal_service:/home/samue/install/examples_rclpy_minimal_publisher:/home/samue/install/examples_rclpy_minimal_client:/home/samue/install/examples_rclpy_minimal_action_server:/home/samue/install/examples_rclpy_minimal_action_client:/home/samue/install/examples_rclpy_guard_conditions:/home/samue/install/examples_rclpy_executors:/opt/ros/humble WSLENV=ELECTRON_RUN_AS_NODE/w: /usr/bin/cmake --build /home/samue/GitHub/esda-ros-firmware/src/build/esda_ros_interface -- -j20 -l20
