[0.021s] Invoking command in '/home/samue/GitHub/esda-ros-firmware/src/build/esda_ros_interface': CMAKE_PREFIX_PATH=${CMAKE_PREFIX_PATH}:/home/samue/install/launch_testing_examples:/home/samue/install/examples_rclpy_pointcloud_publisher:/home/samue/install/examples_rclpy_minimal_subscriber:/home/samue/install/examples_rclpy_minimal_service:/home/samue/install/examples_rclpy_minimal_publisher:/home/samue/install/examples_rclpy_minimal_client:/home/samue/install/examples_rclpy_minimal_action_server:/home/samue/install/examples_rclpy_minimal_action_client:/home/samue/install/examples_rclpy_guard_conditions:/home/samue/install/examples_rclpy_executors:/opt/ros/humble WSLENV=ELECTRON_RUN_AS_NODE/w: /usr/bin/cmake --build /home/samue/GitHub/esda-ros-firmware/src/build/esda_ros_interface -- -j20 -l20
[0.144s] [  2%] Built target esda_ros_interface__cpp
[0.148s] [ 11%] Built target esda_ros_interface__rosidl_generator_c
[0.153s] [ 17%] Built target esda_serial_to_pc_node
[0.156s] [ 17%] Built target ament_cmake_python_copy_esda_ros_interface
[0.169s] [ 25%] Built target esda_ros_interface__rosidl_typesupport_cpp
[0.177s] [ 34%] Built target esda_ros_interface__rosidl_typesupport_fastrtps_cpp
[0.177s] [ 42%] Built target esda_ros_interface__rosidl_typesupport_c
[0.180s] [ 51%] Built target esda_ros_interface__rosidl_typesupport_introspection_cpp
[0.180s] [ 60%] Built target esda_ros_interface__rosidl_typesupport_introspection_c
[0.192s] [ 68%] Built target esda_ros_interface__rosidl_typesupport_fastrtps_c
[0.209s] [ 68%] Built target esda_ros_interface
[0.229s] [ 71%] Built target esda_ros_interface__py
[0.238s] [ 74%] [32mBuilding CXX object CMakeFiles/esda_serial_to_pc.dir/src/esda_serial_to_pc.cpp.o[0m
[0.254s] [ 80%] Built target esda_ros_interface__rosidl_generator_py
[0.278s] [ 85%] Built target esda_ros_interface__rosidl_typesupport_fastrtps_c__pyext
[0.279s] [ 91%] Built target esda_ros_interface__rosidl_typesupport_c__pyext
[0.279s] [ 97%] Built target esda_ros_interface__rosidl_typesupport_introspection_c__pyext
[0.410s] running egg_info
[0.414s] writing esda_ros_interface.egg-info/PKG-INFO
[0.414s] writing dependency_links to esda_ros_interface.egg-info/dependency_links.txt
[0.414s] writing top-level names to esda_ros_interface.egg-info/top_level.txt
[0.418s] reading manifest file 'esda_ros_interface.egg-info/SOURCES.txt'
[0.419s] writing manifest file 'esda_ros_interface.egg-info/SOURCES.txt'
[0.452s] [ 97%] Built target ament_cmake_python_build_esda_ros_interface_egg
[0.674s] [01m[K/home/samue/GitHub/esda-ros-firmware/src/esda_ros_interface/src/esda_serial_to_pc.cpp:8:10:[m[K [01;31m[Kfatal error: [m[Kstd_msgs/msg/string.hpp: No such file or directory
[0.674s]     8 | #include [01;31m[K"std_msgs/msg/string.hpp"[m[K
[0.674s]       |          [01;31m[K^~~~~~~~~~~~~~~~~~~~~~~~~[m[K
[0.674s] compilation terminated.
[0.677s] gmake[2]: *** [CMakeFiles/esda_serial_to_pc.dir/build.make:76: CMakeFiles/esda_serial_to_pc.dir/src/esda_serial_to_pc.cpp.o] Error 1
[0.677s] gmake[1]: *** [CMakeFiles/Makefile2:596: CMakeFiles/esda_serial_to_pc.dir/all] Error 2
[0.677s] gmake: *** [Makefile:146: all] Error 2
[0.680s] Invoked command in '/home/samue/GitHub/esda-ros-firmware/src/build/esda_ros_interface' returned '2': CMAKE_PREFIX_PATH=${CMAKE_PREFIX_PATH}:/home/samue/install/launch_testing_examples:/home/samue/install/examples_rclpy_pointcloud_publisher:/home/samue/install/examples_rclpy_minimal_subscriber:/home/samue/install/examples_rclpy_minimal_service:/home/samue/install/examples_rclpy_minimal_publisher:/home/samue/install/examples_rclpy_minimal_client:/home/samue/install/examples_rclpy_minimal_action_server:/home/samue/install/examples_rclpy_minimal_action_client:/home/samue/install/examples_rclpy_guard_conditions:/home/samue/install/examples_rclpy_executors:/opt/ros/humble WSLENV=ELECTRON_RUN_AS_NODE/w: /usr/bin/cmake --build /home/samue/GitHub/esda-ros-firmware/src/build/esda_ros_interface -- -j20 -l20
