[0.016s] Invoking command in '/home/samue/GitHub/esda-ros-firmware/build/esda_ros_interface': CMAKE_PREFIX_PATH=${CMAKE_PREFIX_PATH}:/home/samue/install/launch_testing_examples:/home/samue/install/examples_rclpy_pointcloud_publisher:/home/samue/install/examples_rclpy_minimal_subscriber:/home/samue/install/examples_rclpy_minimal_service:/home/samue/install/examples_rclpy_minimal_publisher:/home/samue/install/examples_rclpy_minimal_client:/home/samue/install/examples_rclpy_minimal_action_server:/home/samue/install/examples_rclpy_minimal_action_client:/home/samue/install/examples_rclpy_guard_conditions:/home/samue/install/examples_rclpy_executors:/opt/ros/humble WSLENV=ELECTRON_RUN_AS_NODE/w: /usr/bin/cmake --build /home/samue/GitHub/esda-ros-firmware/build/esda_ros_interface -- -j20 -l20
[0.065s] failed to create symbolic link '/home/samue/GitHub/esda-ros-firmware/build/esda_ros_interface/ament_cmake_python/esda_ros_interface/esda_ros_interface' because existing path cannot be removed: Is a directory
[0.065s] gmake[2]: *** [CMakeFiles/ament_cmake_python_symlink_esda_ros_interface.dir/build.make:70: CMakeFiles/ament_cmake_python_symlink_esda_ros_interface] Error 1
[0.067s] gmake[1]: *** [CMakeFiles/Makefile2:425: CMakeFiles/ament_cmake_python_symlink_esda_ros_interface.dir/all] Error 2
[0.067s] gmake[1]: *** Waiting for unfinished jobs....
[0.075s] [  8%] Built target esda_ros_interface__rosidl_generator_c
[0.075s] [ 14%] Built target esda_serial_to_pc_node
[0.076s] [35m[1mConsolidate compiler generated dependencies of target esda_ros_interface__rosidl_typesupport_introspection_c[0m
[0.077s] [ 17%] Built target esda_ros_interface__cpp
[0.081s] [35m[1mConsolidate compiler generated dependencies of target esda_ros_interface__rosidl_typesupport_fastrtps_c[0m
[0.087s] [ 25%] Built target esda_ros_interface__rosidl_typesupport_introspection_c
[0.089s] [ 34%] Built target esda_ros_interface__rosidl_typesupport_fastrtps_c
[0.090s] gmake: *** [Makefile:146: all] Error 2
[0.092s] Invoked command in '/home/samue/GitHub/esda-ros-firmware/build/esda_ros_interface' returned '2': CMAKE_PREFIX_PATH=${CMAKE_PREFIX_PATH}:/home/samue/install/launch_testing_examples:/home/samue/install/examples_rclpy_pointcloud_publisher:/home/samue/install/examples_rclpy_minimal_subscriber:/home/samue/install/examples_rclpy_minimal_service:/home/samue/install/examples_rclpy_minimal_publisher:/home/samue/install/examples_rclpy_minimal_client:/home/samue/install/examples_rclpy_minimal_action_server:/home/samue/install/examples_rclpy_minimal_action_client:/home/samue/install/examples_rclpy_guard_conditions:/home/samue/install/examples_rclpy_executors:/opt/ros/humble WSLENV=ELECTRON_RUN_AS_NODE/w: /usr/bin/cmake --build /home/samue/GitHub/esda-ros-firmware/build/esda_ros_interface -- -j20 -l20
