In file included from [01m[K/home/samue/GitHub/esda-ros-firmware/src/esda_ros_interface/src/esda_serial_to_pc.cpp:9[m[K:
[01m[K/home/samue/GitHub/esda-ros-firmware/src/esda_ros_interface/include/esda_ros_interface/ros2_to_serial_bridge.hpp:48:50:[m[K [01;31m[Kerror: [m[Kâ€˜[01m[Kpubsub[m[Kâ€™ is not a member of â€˜[01m[Kros2_to_serial_bridge[m[Kâ€™
   48 |     std::map<std::string, ros2_to_serial_bridge::[01;31m[Kpubsub[m[K::TopicMapping> parse_node_parameters_for_topics();
      |                                                  [01;31m[K^~~~~~[m[K
[01m[K/home/samue/GitHub/esda-ros-firmware/src/esda_ros_interface/include/esda_ros_interface/ros2_to_serial_bridge.hpp:48:70:[m[K [01;31m[Kerror: [m[Ktemplate argument 2 is invalid
   48 |     std::map<std::string, ros2_to_serial_bridge::pubsub::TopicMapping[01;31m[K>[m[K parse_node_parameters_for_topics();
      |                                                                      [01;31m[K^[m[K
[01m[K/home/samue/GitHub/esda-ros-firmware/src/esda_ros_interface/include/esda_ros_interface/ros2_to_serial_bridge.hpp:48:70:[m[K [01;31m[Kerror: [m[Ktemplate argument 4 is invalid
[01m[K/home/samue/GitHub/esda-ros-firmware/src/esda_ros_interface/include/esda_ros_interface/ros2_to_serial_bridge.hpp:49:50:[m[K [01;31m[Kerror: [m[Kâ€˜[01m[Kpubsub[m[Kâ€™ is not a member of â€˜[01m[Kros2_to_serial_bridge[m[Kâ€™
   49 |     std::map<std::string, ros2_to_serial_bridge::[01;31m[Kpubsub[m[K::TopicMapping> dynamically_get_serial_mapping(uint64_t wait_ms);
      |                                                  [01;31m[K^~~~~~[m[K
[01m[K/home/samue/GitHub/esda-ros-firmware/src/esda_ros_interface/include/esda_ros_interface/ros2_to_serial_bridge.hpp:49:70:[m[K [01;31m[Kerror: [m[Ktemplate argument 2 is invalid
   49 |     std::map<std::string, ros2_to_serial_bridge::pubsub::TopicMapping[01;31m[K>[m[K dynamically_get_serial_mapping(uint64_t wait_ms);
      |                                                                      [01;31m[K^[m[K
[01m[K/home/samue/GitHub/esda-ros-firmware/src/esda_ros_interface/include/esda_ros_interface/ros2_to_serial_bridge.hpp:49:70:[m[K [01;31m[Kerror: [m[Ktemplate argument 4 is invalid
[01m[K/home/samue/GitHub/esda-ros-firmware/src/esda_ros_interface/include/esda_ros_interface/ros2_to_serial_bridge.hpp:52:44:[m[K [01;31m[Kerror: [m[Kâ€˜[01m[Kpubsub[m[Kâ€™ is not a member of â€˜[01m[Kros2_to_serial_bridge[m[Kâ€™
   52 |     std::unique_ptr<ros2_to_serial_bridge::[01;31m[Kpubsub[m[K::ROS2Topics> ros2_topics_;
      |                                            [01;31m[K^~~~~~[m[K
[01m[K/home/samue/GitHub/esda-ros-firmware/src/esda_ros_interface/include/esda_ros_interface/ros2_to_serial_bridge.hpp:52:62:[m[K [01;31m[Kerror: [m[Ktemplate argument 1 is invalid
   52 |     std::unique_ptr<ros2_to_serial_bridge::pubsub::ROS2Topics[01;31m[K>[m[K ros2_topics_;
      |                                                              [01;31m[K^[m[K
[01m[K/home/samue/GitHub/esda-ros-firmware/src/esda_ros_interface/include/esda_ros_interface/ros2_to_serial_bridge.hpp:52:62:[m[K [01;31m[Kerror: [m[Ktemplate argument 2 is invalid
[01m[K/home/samue/GitHub/esda-ros-firmware/src/esda_ros_interface/src/esda_serial_to_pc.cpp:14:1:[m[K [01;31m[Kerror: [m[Kexpected initializer before â€˜[01m[K}[m[Kâ€™ token
   14 | [01;31m[K}[m[K
      | [01;31m[K^[m[K
gmake[2]: *** [CMakeFiles/esda_serial_to_pc.dir/build.make:76: CMakeFiles/esda_serial_to_pc.dir/src/esda_serial_to_pc.cpp.o] Error 1
gmake[1]: *** [CMakeFiles/Makefile2:594: CMakeFiles/esda_serial_to_pc.dir/all] Error 2
gmake: *** [Makefile:146: all] Error 2
