[0.033s] Invoking command in '/home/samue/GitHub/esda-ros-firmware/src/build/esda_ros_interface': CMAKE_PREFIX_PATH=${CMAKE_PREFIX_PATH}:/home/samue/install/launch_testing_examples:/home/samue/install/examples_rclpy_pointcloud_publisher:/home/samue/install/examples_rclpy_minimal_subscriber:/home/samue/install/examples_rclpy_minimal_service:/home/samue/install/examples_rclpy_minimal_publisher:/home/samue/install/examples_rclpy_minimal_client:/home/samue/install/examples_rclpy_minimal_action_server:/home/samue/install/examples_rclpy_minimal_action_client:/home/samue/install/examples_rclpy_guard_conditions:/home/samue/install/examples_rclpy_executors:/opt/ros/humble WSLENV=ELECTRON_RUN_AS_NODE/w: /usr/bin/cmake --build /home/samue/GitHub/esda-ros-firmware/src/build/esda_ros_interface -- -j20 -l20
[0.186s] [  2%] Built target esda_ros_interface__cpp
[0.189s] [ 11%] Built target esda_ros_interface__rosidl_generator_c
[0.198s] [ 17%] Built target esda_serial_to_pc_node
[0.209s] [ 17%] Built target ament_cmake_python_copy_esda_ros_interface
[0.214s] [ 25%] Built target esda_ros_interface__rosidl_typesupport_fastrtps_cpp
[0.219s] [ 34%] Built target esda_ros_interface__rosidl_typesupport_fastrtps_c
[0.220s] [ 42%] Built target esda_ros_interface__rosidl_typesupport_cpp
[0.220s] [ 51%] Built target esda_ros_interface__rosidl_typesupport_introspection_c
[0.224s] [ 60%] Built target esda_ros_interface__rosidl_typesupport_introspection_cpp
[0.225s] [ 68%] Built target esda_ros_interface__rosidl_typesupport_c
[0.243s] [ 68%] Built target esda_ros_interface
[0.257s] [35m[1mConsolidate compiler generated dependencies of target esda_serial_to_pc[0m
[0.260s] [ 71%] Built target esda_ros_interface__py
[0.273s] [ 74%] [32mBuilding CXX object CMakeFiles/esda_serial_to_pc.dir/src/esda_serial_to_pc.cpp.o[0m
[0.281s] [ 80%] Built target esda_ros_interface__rosidl_generator_py
[0.302s] [ 85%] Built target esda_ros_interface__rosidl_typesupport_fastrtps_c__pyext
[0.303s] [ 91%] Built target esda_ros_interface__rosidl_typesupport_c__pyext
[0.305s] [ 97%] Built target esda_ros_interface__rosidl_typesupport_introspection_c__pyext
[0.459s] running egg_info
[0.461s] writing esda_ros_interface.egg-info/PKG-INFO
[0.461s] writing dependency_links to esda_ros_interface.egg-info/dependency_links.txt
[0.461s] writing top-level names to esda_ros_interface.egg-info/top_level.txt
[0.464s] reading manifest file 'esda_ros_interface.egg-info/SOURCES.txt'
[0.465s] writing manifest file 'esda_ros_interface.egg-info/SOURCES.txt'
[0.488s] [ 97%] Built target ament_cmake_python_build_esda_ros_interface_egg
[0.737s] [01m[K/home/samue/GitHub/esda-ros-firmware/src/esda_ros_interface/src/esda_serial_to_pc.cpp:8:10:[m[K [01;31m[Kfatal error: [m[Kstd_msgs/msg/string.hpp: No such file or directory
[0.738s]     8 | #include [01;31m[K"std_msgs/msg/string.hpp"[m[K
[0.738s]       |          [01;31m[K^~~~~~~~~~~~~~~~~~~~~~~~~[m[K
[0.738s] compilation terminated.
[0.740s] gmake[2]: *** [CMakeFiles/esda_serial_to_pc.dir/build.make:76: CMakeFiles/esda_serial_to_pc.dir/src/esda_serial_to_pc.cpp.o] Error 1
[0.741s] gmake[1]: *** [CMakeFiles/Makefile2:596: CMakeFiles/esda_serial_to_pc.dir/all] Error 2
[0.741s] gmake: *** [Makefile:146: all] Error 2
[0.743s] Invoked command in '/home/samue/GitHub/esda-ros-firmware/src/build/esda_ros_interface' returned '2': CMAKE_PREFIX_PATH=${CMAKE_PREFIX_PATH}:/home/samue/install/launch_testing_examples:/home/samue/install/examples_rclpy_pointcloud_publisher:/home/samue/install/examples_rclpy_minimal_subscriber:/home/samue/install/examples_rclpy_minimal_service:/home/samue/install/examples_rclpy_minimal_publisher:/home/samue/install/examples_rclpy_minimal_client:/home/samue/install/examples_rclpy_minimal_action_server:/home/samue/install/examples_rclpy_minimal_action_client:/home/samue/install/examples_rclpy_guard_conditions:/home/samue/install/examples_rclpy_executors:/opt/ros/humble WSLENV=ELECTRON_RUN_AS_NODE/w: /usr/bin/cmake --build /home/samue/GitHub/esda-ros-firmware/src/build/esda_ros_interface -- -j20 -l20
