[0.014s] Invoking command in '/home/samue/GitHub/esda-ros-firmware/src/build/esda_ros_interface': CMAKE_PREFIX_PATH=${CMAKE_PREFIX_PATH}:/home/samue/install/launch_testing_examples:/home/samue/install/examples_rclpy_pointcloud_publisher:/home/samue/install/examples_rclpy_minimal_subscriber:/home/samue/install/examples_rclpy_minimal_service:/home/samue/install/examples_rclpy_minimal_publisher:/home/samue/install/examples_rclpy_minimal_client:/home/samue/install/examples_rclpy_minimal_action_server:/home/samue/install/examples_rclpy_minimal_action_client:/home/samue/install/examples_rclpy_guard_conditions:/home/samue/install/examples_rclpy_executors:/opt/ros/humble WSLENV=ELECTRON_RUN_AS_NODE/w: /usr/bin/cmake --build /home/samue/GitHub/esda-ros-firmware/src/build/esda_ros_interface -- -j20 -l20
[0.047s] [  2%] Built target esda_ros_interface__cpp
[0.047s] [ 11%] Built target esda_ros_interface__rosidl_generator_c
[0.053s] [ 17%] Built target esda_serial_to_pc_node
[0.053s] [ 17%] Built target ament_cmake_python_copy_esda_ros_interface
[0.067s] [ 25%] Built target esda_ros_interface__rosidl_typesupport_cpp
[0.070s] [ 34%] Built target esda_ros_interface__rosidl_typesupport_fastrtps_cpp
[0.071s] [ 42%] Built target esda_ros_interface__rosidl_typesupport_introspection_cpp
[0.071s] [ 51%] Built target esda_ros_interface__rosidl_typesupport_introspection_c
[0.073s] [ 60%] Built target esda_ros_interface__rosidl_typesupport_c
[0.074s] [ 68%] Built target esda_ros_interface__rosidl_typesupport_fastrtps_c
[0.087s] [ 68%] Built target esda_ros_interface
[0.096s] [35m[1mConsolidate compiler generated dependencies of target esda_serial_to_pc[0m
[0.101s] [ 71%] Built target esda_ros_interface__py
[0.108s] [ 74%] [32mBuilding CXX object CMakeFiles/esda_serial_to_pc.dir/src/esda_serial_to_pc.cpp.o[0m
[0.117s] [ 80%] Built target esda_ros_interface__rosidl_generator_py
[0.132s] [ 85%] Built target esda_ros_interface__rosidl_typesupport_fastrtps_c__pyext
[0.132s] [ 91%] Built target esda_ros_interface__rosidl_typesupport_introspection_c__pyext
[0.133s] [ 97%] Built target esda_ros_interface__rosidl_typesupport_c__pyext
[0.236s] running egg_info
[0.236s] writing esda_ros_interface.egg-info/PKG-INFO
[0.237s] writing dependency_links to esda_ros_interface.egg-info/dependency_links.txt
[0.237s] writing top-level names to esda_ros_interface.egg-info/top_level.txt
[0.238s] reading manifest file 'esda_ros_interface.egg-info/SOURCES.txt'
[0.239s] writing manifest file 'esda_ros_interface.egg-info/SOURCES.txt'
[0.258s] [ 97%] Built target ament_cmake_python_build_esda_ros_interface_egg
[1.755s] In file included from [01m[K/opt/ros/humble/include/class_loader/class_loader/class_loader.hpp:56[m[K,
[1.755s]                  from [01m[K/opt/ros/humble/include/rclcpp_components/rclcpp_components/register_node_macro.hpp:18[m[K,
[1.755s]                  from [01m[K/home/samue/GitHub/esda-ros-firmware/src/esda_ros_interface/src/esda_serial_to_pc.cpp:11[m[K:
[1.755s] [01m[K/home/samue/GitHub/esda-ros-firmware/src/esda_ros_interface/src/esda_serial_to_pc.cpp:13:33:[m[K [01;31m[Kerror: [m[Kâ€˜[01m[Kros2_to_serial_bridge[m[Kâ€™ was not declared in this scope
[1.755s]    13 | RCLCPP_COMPONENTS_REGISTER_NODE([01;31m[Kros2_to_serial_bridge[m[K::ROS2ToSerialBridge)
[1.755s]       |                                 [01;31m[K^~~~~~~~~~~~~~~~~~~~~[m[K
[1.755s] [01m[K/home/samue/GitHub/esda-ros-firmware/src/esda_ros_interface/src/esda_serial_to_pc.cpp:13:1:[m[K [01;31m[Kerror: [m[Ktemplate argument 1 is invalid
[1.755s]    13 | [01;31m[KRCLCPP_COMPONENTS_REGISTER_NODE[m[K(ros2_to_serial_bridge::ROS2ToSerialBridge)
[1.755s]       | [01;31m[K^~~~~~~~~~~~~~~~~~~~~~~~~~~~~~~[m[K
[2.059s] In file included from [01m[K/opt/ros/humble/include/class_loader/class_loader/class_loader_core.hpp:57[m[K,
[2.059s]                  from [01m[K/opt/ros/humble/include/class_loader/class_loader/class_loader.hpp:55[m[K,
[2.059s]                  from [01m[K/opt/ros/humble/include/rclcpp_components/rclcpp_components/register_node_macro.hpp:18[m[K,
[2.059s]                  from [01m[K/home/samue/GitHub/esda-ros-firmware/src/esda_ros_interface/src/esda_serial_to_pc.cpp:11[m[K:
[2.059s] /opt/ros/humble/include/class_loader/class_loader/meta_object.hpp: In instantiation of â€˜[01m[KB* class_loader::impl::MetaObject<C, B>::create() const [with C = int; B = rclcpp_components::NodeFactory][m[Kâ€™:
[2.059s] [01m[K/opt/ros/humble/include/class_loader/class_loader/meta_object.hpp:216:7:[m[K   required from here
[2.059s] [01m[K/opt/ros/humble/include/class_loader/class_loader/meta_object.hpp:218:12:[m[K [01;31m[Kerror: [m[Kcannot convert â€˜[01m[Kint*[m[Kâ€™ to â€˜[01m[Krclcpp_components::NodeFactory*[m[Kâ€™ in return
[2.059s]   218 |     return [01;31m[Knew C[m[K;
[2.059s]       |            [01;31m[K^~~~~[m[K
[2.059s]       |            [01;31m[K|[m[K
[2.059s]       |            [01;31m[Kint*[m[K
[2.099s] gmake[2]: *** [CMakeFiles/esda_serial_to_pc.dir/build.make:76: CMakeFiles/esda_serial_to_pc.dir/src/esda_serial_to_pc.cpp.o] Error 1
[2.099s] gmake[1]: *** [CMakeFiles/Makefile2:596: CMakeFiles/esda_serial_to_pc.dir/all] Error 2
[2.099s] gmake: *** [Makefile:146: all] Error 2
[2.101s] Invoked command in '/home/samue/GitHub/esda-ros-firmware/src/build/esda_ros_interface' returned '2': CMAKE_PREFIX_PATH=${CMAKE_PREFIX_PATH}:/home/samue/install/launch_testing_examples:/home/samue/install/examples_rclpy_pointcloud_publisher:/home/samue/install/examples_rclpy_minimal_subscriber:/home/samue/install/examples_rclpy_minimal_service:/home/samue/install/examples_rclpy_minimal_publisher:/home/samue/install/examples_rclpy_minimal_client:/home/samue/install/examples_rclpy_minimal_action_server:/home/samue/install/examples_rclpy_minimal_action_client:/home/samue/install/examples_rclpy_guard_conditions:/home/samue/install/examples_rclpy_executors:/opt/ros/humble WSLENV=ELECTRON_RUN_AS_NODE/w: /usr/bin/cmake --build /home/samue/GitHub/esda-ros-firmware/src/build/esda_ros_interface -- -j20 -l20
