[0.011s] Invoking command in '/home/samue/GitHub/esda-ros-firmware/src/build/esda_ros_interface': CMAKE_PREFIX_PATH=${CMAKE_PREFIX_PATH}:/home/samue/install/launch_testing_examples:/home/samue/install/examples_rclpy_pointcloud_publisher:/home/samue/install/examples_rclpy_minimal_subscriber:/home/samue/install/examples_rclpy_minimal_service:/home/samue/install/examples_rclpy_minimal_publisher:/home/samue/install/examples_rclpy_minimal_client:/home/samue/install/examples_rclpy_minimal_action_server:/home/samue/install/examples_rclpy_minimal_action_client:/home/samue/install/examples_rclpy_guard_conditions:/home/samue/install/examples_rclpy_executors:/opt/ros/humble WSLENV=ELECTRON_RUN_AS_NODE/w: /usr/bin/cmake --build /home/samue/GitHub/esda-ros-firmware/src/build/esda_ros_interface -- -j20 -l20
[0.062s] [  3%] Built target esda_ros_interface__cpp
[0.063s] [ 12%] Built target esda_ros_interface__rosidl_generator_c
[0.078s] [ 12%] Built target ament_cmake_python_copy_esda_ros_interface
[0.085s] [ 21%] Built target esda_ros_interface__rosidl_typesupport_c
[0.085s] [ 30%] Built target esda_ros_interface__rosidl_typesupport_cpp
[0.086s] [ 39%] Built target esda_ros_interface__rosidl_typesupport_introspection_cpp
[0.087s] [ 48%] Built target esda_ros_interface__rosidl_typesupport_fastrtps_c
[0.087s] [ 57%] Built target esda_ros_interface__rosidl_typesupport_introspection_c
[0.088s] [ 66%] Built target esda_ros_interface__rosidl_typesupport_fastrtps_cpp
[0.104s] [ 66%] Built target esda_ros_interface
[0.123s] [ 69%] Built target esda_ros_interface__py
[0.128s] [ 72%] [32mBuilding CXX object CMakeFiles/esda_serial_to_pc.dir/src/esda_serial_to_pc.cpp.o[0m
[0.142s] [ 78%] Built target esda_ros_interface__rosidl_generator_py
[0.161s] [ 84%] Built target esda_ros_interface__rosidl_typesupport_introspection_c__pyext
[0.163s] [ 90%] Built target esda_ros_interface__rosidl_typesupport_c__pyext
[0.164s] [ 96%] Built target esda_ros_interface__rosidl_typesupport_fastrtps_c__pyext
[0.258s] In file included from [01m[K/home/samue/GitHub/esda-ros-firmware/src/esda_ros_interface/include/esda_ros_interface/ros2_to_serial_bridge.hpp:26[m[K,
[0.258s]                  from [01m[K/home/samue/GitHub/esda-ros-firmware/src/esda_ros_interface/src/esda_serial_to_pc.cpp:9[m[K:
[0.258s] [01m[K/home/samue/GitHub/esda-ros-firmware/src/esda_ros_interface/include/esda_ros_interface/transporter.hpp:45:10:[m[K [01;31m[Kfatal error: [m[Kros2_serial_example/ring_buffer.hpp: No such file or directory
[0.258s]    45 | #include [01;31m[K"ros2_serial_example/ring_buffer.hpp"[m[K
[0.258s]       |          [01;31m[K^~~~~~~~~~~~~~~~~~~~~~~~~~~~~~~~~~~~~[m[K
[0.258s] compilation terminated.
[0.259s] gmake[2]: *** [CMakeFiles/esda_serial_to_pc.dir/build.make:76: CMakeFiles/esda_serial_to_pc.dir/src/esda_serial_to_pc.cpp.o] Error 1
[0.259s] gmake[1]: *** [CMakeFiles/Makefile2:594: CMakeFiles/esda_serial_to_pc.dir/all] Error 2
[0.259s] gmake[1]: *** Waiting for unfinished jobs....
[0.275s] running egg_info
[0.275s] writing esda_ros_interface.egg-info/PKG-INFO
[0.276s] writing dependency_links to esda_ros_interface.egg-info/dependency_links.txt
[0.276s] writing top-level names to esda_ros_interface.egg-info/top_level.txt
[0.277s] reading manifest file 'esda_ros_interface.egg-info/SOURCES.txt'
[0.278s] writing manifest file 'esda_ros_interface.egg-info/SOURCES.txt'
[0.297s] [ 96%] Built target ament_cmake_python_build_esda_ros_interface_egg
[0.297s] gmake: *** [Makefile:146: all] Error 2
[0.300s] Invoked command in '/home/samue/GitHub/esda-ros-firmware/src/build/esda_ros_interface' returned '2': CMAKE_PREFIX_PATH=${CMAKE_PREFIX_PATH}:/home/samue/install/launch_testing_examples:/home/samue/install/examples_rclpy_pointcloud_publisher:/home/samue/install/examples_rclpy_minimal_subscriber:/home/samue/install/examples_rclpy_minimal_service:/home/samue/install/examples_rclpy_minimal_publisher:/home/samue/install/examples_rclpy_minimal_client:/home/samue/install/examples_rclpy_minimal_action_server:/home/samue/install/examples_rclpy_minimal_action_client:/home/samue/install/examples_rclpy_guard_conditions:/home/samue/install/examples_rclpy_executors:/opt/ros/humble WSLENV=ELECTRON_RUN_AS_NODE/w: /usr/bin/cmake --build /home/samue/GitHub/esda-ros-firmware/src/build/esda_ros_interface -- -j20 -l20
