[0.022s] Invoking command in '/home/samue/GitHub/esda-ros-firmware/src/build/esda_ros_interface': CMAKE_PREFIX_PATH=${CMAKE_PREFIX_PATH}:/home/samue/install/launch_testing_examples:/home/samue/install/examples_rclpy_pointcloud_publisher:/home/samue/install/examples_rclpy_minimal_subscriber:/home/samue/install/examples_rclpy_minimal_service:/home/samue/install/examples_rclpy_minimal_publisher:/home/samue/install/examples_rclpy_minimal_client:/home/samue/install/examples_rclpy_minimal_action_server:/home/samue/install/examples_rclpy_minimal_action_client:/home/samue/install/examples_rclpy_guard_conditions:/home/samue/install/examples_rclpy_executors:/opt/ros/humble WSLENV=ELECTRON_RUN_AS_NODE/w: /usr/bin/cmake --build /home/samue/GitHub/esda-ros-firmware/src/build/esda_ros_interface -- -j20 -l20
[0.165s] [  2%] Built target esda_ros_interface__cpp
[0.177s] [ 11%] Built target esda_ros_interface__rosidl_generator_c
[0.184s] [ 17%] Built target esda_serial_to_pc_node
[0.193s] [ 17%] Built target ament_cmake_python_copy_esda_ros_interface
[0.197s] [ 25%] Built target esda_ros_interface__rosidl_typesupport_fastrtps_cpp
[0.199s] [ 34%] Built target esda_ros_interface__rosidl_typesupport_cpp
[0.200s] [ 42%] Built target esda_ros_interface__rosidl_typesupport_introspection_cpp
[0.203s] [ 51%] Built target esda_ros_interface__rosidl_typesupport_introspection_c
[0.204s] [ 60%] Built target esda_ros_interface__rosidl_typesupport_fastrtps_c
[0.210s] [ 68%] Built target esda_ros_interface__rosidl_typesupport_c
[0.228s] [ 68%] Built target esda_ros_interface
[0.246s] [ 71%] Built target esda_ros_interface__py
[0.253s] [ 74%] [32mBuilding CXX object CMakeFiles/esda_serial_to_pc.dir/src/esda_serial_to_pc.cpp.o[0m
[0.270s] [ 80%] Built target esda_ros_interface__rosidl_generator_py
[0.292s] [ 91%] Built target esda_ros_interface__rosidl_typesupport_c__pyext
[0.293s] [ 94%] Built target esda_ros_interface__rosidl_typesupport_fastrtps_c__pyext
[0.293s] [ 97%] Built target esda_ros_interface__rosidl_typesupport_introspection_c__pyext
[0.460s] running egg_info
[0.461s] writing esda_ros_interface.egg-info/PKG-INFO
[0.462s] writing dependency_links to esda_ros_interface.egg-info/dependency_links.txt
[0.462s] writing top-level names to esda_ros_interface.egg-info/top_level.txt
[0.465s] reading manifest file 'esda_ros_interface.egg-info/SOURCES.txt'
[0.466s] writing manifest file 'esda_ros_interface.egg-info/SOURCES.txt'
[0.491s] [ 97%] Built target ament_cmake_python_build_esda_ros_interface_egg
[0.753s] In file included from [01m[K/home/samue/GitHub/esda-ros-firmware/src/esda_ros_interface/include/hardware_interface/system.hpp:23[m[K,
[0.754s]                  from [01m[K/home/samue/GitHub/esda-ros-firmware/src/esda_ros_interface/include/esda_ros_interface/robot_hardware_interface_system.hpp:15[m[K,
[0.754s]                  from [01m[K/home/samue/GitHub/esda-ros-firmware/src/esda_ros_interface/src/esda_serial_to_pc.cpp:12[m[K:
[0.754s] [01m[K/home/samue/GitHub/esda-ros-firmware/src/esda_ros_interface/include/hardware_interface/hardware_info.hpp:22:10:[m[K [01;31m[Kfatal error: [m[Kjoint_limits/joint_limits.hpp: No such file or directory
[0.754s]    22 | #include [01;31m[K"joint_limits/joint_limits.hpp"[m[K
[0.754s]       |          [01;31m[K^~~~~~~~~~~~~~~~~~~~~~~~~~~~~~~[m[K
[0.754s] compilation terminated.
[0.758s] gmake[2]: *** [CMakeFiles/esda_serial_to_pc.dir/build.make:76: CMakeFiles/esda_serial_to_pc.dir/src/esda_serial_to_pc.cpp.o] Error 1
[0.758s] gmake[1]: *** [CMakeFiles/Makefile2:596: CMakeFiles/esda_serial_to_pc.dir/all] Error 2
[0.758s] gmake: *** [Makefile:146: all] Error 2
[0.762s] Invoked command in '/home/samue/GitHub/esda-ros-firmware/src/build/esda_ros_interface' returned '2': CMAKE_PREFIX_PATH=${CMAKE_PREFIX_PATH}:/home/samue/install/launch_testing_examples:/home/samue/install/examples_rclpy_pointcloud_publisher:/home/samue/install/examples_rclpy_minimal_subscriber:/home/samue/install/examples_rclpy_minimal_service:/home/samue/install/examples_rclpy_minimal_publisher:/home/samue/install/examples_rclpy_minimal_client:/home/samue/install/examples_rclpy_minimal_action_server:/home/samue/install/examples_rclpy_minimal_action_client:/home/samue/install/examples_rclpy_guard_conditions:/home/samue/install/examples_rclpy_executors:/opt/ros/humble WSLENV=ELECTRON_RUN_AS_NODE/w: /usr/bin/cmake --build /home/samue/GitHub/esda-ros-firmware/src/build/esda_ros_interface -- -j20 -l20
