[0.017s] Invoking command in '/home/samue/GitHub/esda-ros-firmware/src/build/esda_ros_interface': CMAKE_PREFIX_PATH=${CMAKE_PREFIX_PATH}:/home/samue/install/launch_testing_examples:/home/samue/install/examples_rclpy_pointcloud_publisher:/home/samue/install/examples_rclpy_minimal_subscriber:/home/samue/install/examples_rclpy_minimal_service:/home/samue/install/examples_rclpy_minimal_publisher:/home/samue/install/examples_rclpy_minimal_client:/home/samue/install/examples_rclpy_minimal_action_server:/home/samue/install/examples_rclpy_minimal_action_client:/home/samue/install/examples_rclpy_guard_conditions:/home/samue/install/examples_rclpy_executors:/opt/ros/humble WSLENV=ELECTRON_RUN_AS_NODE/w: /usr/bin/cmake --build /home/samue/GitHub/esda-ros-firmware/src/build/esda_ros_interface -- -j20 -l20
[0.148s] [  3%] Built target esda_ros_interface__cpp
[0.149s] [ 12%] Built target esda_ros_interface__rosidl_generator_c
[0.162s] [ 12%] Built target ament_cmake_python_copy_esda_ros_interface
[0.167s] [ 21%] Built target esda_ros_interface__rosidl_typesupport_cpp
[0.168s] [ 30%] Built target esda_ros_interface__rosidl_typesupport_introspection_cpp
[0.168s] [ 39%] Built target esda_ros_interface__rosidl_typesupport_fastrtps_cpp
[0.180s] [ 48%] Built target esda_ros_interface__rosidl_typesupport_introspection_c
[0.181s] [ 57%] Built target esda_ros_interface__rosidl_typesupport_fastrtps_c
[0.182s] [ 66%] Built target esda_ros_interface__rosidl_typesupport_c
[0.196s] [ 66%] Built target esda_ros_interface
[0.209s] [35m[1mConsolidate compiler generated dependencies of target esda_serial_to_pc[0m
[0.212s] [ 69%] Built target esda_ros_interface__py
[0.220s] [ 72%] [32mBuilding CXX object CMakeFiles/esda_serial_to_pc.dir/src/esda_serial_to_pc.cpp.o[0m
[0.227s] [ 78%] Built target esda_ros_interface__rosidl_generator_py
[0.243s] [ 84%] Built target esda_ros_interface__rosidl_typesupport_fastrtps_c__pyext
[0.243s] [ 90%] Built target esda_ros_interface__rosidl_typesupport_introspection_c__pyext
[0.244s] [ 96%] Built target esda_ros_interface__rosidl_typesupport_c__pyext
[0.365s] running egg_info
[0.366s] writing esda_ros_interface.egg-info/PKG-INFO
[0.366s] writing dependency_links to esda_ros_interface.egg-info/dependency_links.txt
[0.367s] writing top-level names to esda_ros_interface.egg-info/top_level.txt
[0.369s] reading manifest file 'esda_ros_interface.egg-info/SOURCES.txt'
[0.369s] writing manifest file 'esda_ros_interface.egg-info/SOURCES.txt'
[0.389s] [ 96%] Built target ament_cmake_python_build_esda_ros_interface_egg
[2.080s] [01m[K/home/samue/GitHub/esda-ros-firmware/src/esda_ros_interface/src/esda_serial_to_pc.cpp:[m[K In function â€˜[01m[Kint main(int, char**)[m[Kâ€™:
[2.080s] [01m[K/home/samue/GitHub/esda-ros-firmware/src/esda_ros_interface/src/esda_serial_to_pc.cpp:13:28:[m[K [01;31m[Kerror: [m[Kâ€˜[01m[Kcout[m[Kâ€™ was not declared in this scope; did you mean â€˜[01m[Kstd::cout[m[Kâ€™?
[2.080s]    13 |     std::cout<< "Hello" << [01;31m[Kcout[m[K;
[2.080s]       |                            [01;31m[K^~~~[m[K
[2.080s]       |                            [32m[Kstd::cout[m[K
[2.080s] In file included from [01m[K/opt/ros/humble/include/rclcpp/rclcpp/executor.hpp:22[m[K,
[2.080s]                  from [01m[K/opt/ros/humble/include/rclcpp/rclcpp/executors/multi_threaded_executor.hpp:25[m[K,
[2.080s]                  from [01m[K/opt/ros/humble/include/rclcpp/rclcpp/executors.hpp:21[m[K,
[2.080s]                  from [01m[K/opt/ros/humble/include/rclcpp/rclcpp/rclcpp.hpp:155[m[K,
[2.080s]                  from [01m[K/home/samue/GitHub/esda-ros-firmware/src/esda_ros_interface/src/esda_serial_to_pc.cpp:7[m[K:
[2.080s] [01m[K/usr/include/c++/11/iostream:61:18:[m[K [01;36m[Knote: [m[Kâ€˜[01m[Kstd::cout[m[Kâ€™ declared here
[2.081s]    61 |   extern ostream [01;36m[Kcout[m[K;          /// Linked to standard output
[2.081s]       |                  [01;36m[K^~~~[m[K
[2.082s] [01m[K/home/samue/GitHub/esda-ros-firmware/src/esda_ros_interface/src/esda_serial_to_pc.cpp:12:14:[m[K [01;35m[Kwarning: [m[Kunused parameter â€˜[01m[Kargc[m[Kâ€™ [[01;35m[K]8;;https://gcc.gnu.org/onlinedocs/gcc/Warning-Options.html#index-Wunused-parameter-Wunused-parameter]8;;[m[K]
[2.082s]    12 | int main([01;35m[Kint argc[m[K, char** argv){
[2.082s]       |          [01;35m[K~~~~^~~~[m[K
[2.082s] [01m[K/home/samue/GitHub/esda-ros-firmware/src/esda_ros_interface/src/esda_serial_to_pc.cpp:12:27:[m[K [01;35m[Kwarning: [m[Kunused parameter â€˜[01m[Kargv[m[Kâ€™ [[01;35m[K]8;;https://gcc.gnu.org/onlinedocs/gcc/Warning-Options.html#index-Wunused-parameter-Wunused-parameter]8;;[m[K]
[2.082s]    12 | int main(int argc, [01;35m[Kchar** argv[m[K){
[2.082s]       |                    [01;35m[K~~~~~~~^~~~[m[K
[2.408s] gmake[2]: *** [CMakeFiles/esda_serial_to_pc.dir/build.make:76: CMakeFiles/esda_serial_to_pc.dir/src/esda_serial_to_pc.cpp.o] Error 1
[2.408s] gmake[1]: *** [CMakeFiles/Makefile2:594: CMakeFiles/esda_serial_to_pc.dir/all] Error 2
[2.408s] gmake: *** [Makefile:146: all] Error 2
[2.410s] Invoked command in '/home/samue/GitHub/esda-ros-firmware/src/build/esda_ros_interface' returned '2': CMAKE_PREFIX_PATH=${CMAKE_PREFIX_PATH}:/home/samue/install/launch_testing_examples:/home/samue/install/examples_rclpy_pointcloud_publisher:/home/samue/install/examples_rclpy_minimal_subscriber:/home/samue/install/examples_rclpy_minimal_service:/home/samue/install/examples_rclpy_minimal_publisher:/home/samue/install/examples_rclpy_minimal_client:/home/samue/install/examples_rclpy_minimal_action_server:/home/samue/install/examples_rclpy_minimal_action_client:/home/samue/install/examples_rclpy_guard_conditions:/home/samue/install/examples_rclpy_executors:/opt/ros/humble WSLENV=ELECTRON_RUN_AS_NODE/w: /usr/bin/cmake --build /home/samue/GitHub/esda-ros-firmware/src/build/esda_ros_interface -- -j20 -l20
