[0.012s] Invoking command in '/home/samue/GitHub/esda-ros-firmware/src/build/esda_ros_interface': CMAKE_PREFIX_PATH=${CMAKE_PREFIX_PATH}:/home/samue/install/launch_testing_examples:/home/samue/install/examples_rclpy_pointcloud_publisher:/home/samue/install/examples_rclpy_minimal_subscriber:/home/samue/install/examples_rclpy_minimal_service:/home/samue/install/examples_rclpy_minimal_publisher:/home/samue/install/examples_rclpy_minimal_client:/home/samue/install/examples_rclpy_minimal_action_server:/home/samue/install/examples_rclpy_minimal_action_client:/home/samue/install/examples_rclpy_guard_conditions:/home/samue/install/examples_rclpy_executors:/opt/ros/humble WSLENV=ELECTRON_RUN_AS_NODE/w: /usr/bin/cmake --build /home/samue/GitHub/esda-ros-firmware/src/build/esda_ros_interface -- -j20 -l20
[0.028s] -- Found ament_cmake: 1.3.9 (/opt/ros/humble/share/ament_cmake/cmake)
[0.142s] -- Found rosidl_default_generators: 1.2.0 (/opt/ros/humble/share/rosidl_default_generators/cmake)
[0.145s] -- Using all available rosidl_typesupport_c: rosidl_typesupport_fastrtps_c;rosidl_typesupport_introspection_c
[0.147s] -- Found rosidl_adapter: 3.1.5 (/opt/ros/humble/share/rosidl_adapter/cmake)
[0.641s] -- Using all available rosidl_typesupport_cpp: rosidl_typesupport_fastrtps_cpp;rosidl_typesupport_introspection_cpp
[0.661s] -- Found rclcpp: 16.0.9 (/opt/ros/humble/share/rclcpp/cmake)
[0.713s] -- Found rmw_implementation_cmake: 6.1.2 (/opt/ros/humble/share/rmw_implementation_cmake/cmake)
[0.715s] -- Found rmw_fastrtps_cpp: 6.2.6 (/opt/ros/humble/share/rmw_fastrtps_cpp/cmake)
[18.493s] -- Using RMW implementation 'rmw_fastrtps_cpp' as default
[19.020s] -- Found ament_cmake_ros: 0.10.0 (/opt/ros/humble/share/ament_cmake_ros/cmake)
[19.263s] -- Using all available rosidl_typesupport_c: rosidl_typesupport_fastrtps_c;rosidl_typesupport_introspection_c
[19.550s] -- Using all available rosidl_typesupport_cpp: rosidl_typesupport_fastrtps_cpp;rosidl_typesupport_introspection_cpp
[19.590s] -- Found python_cmake_module: 0.10.0 (/opt/ros/humble/share/python_cmake_module/cmake)
[19.635s] -- Using PYTHON_EXECUTABLE: /usr/bin/python3
[19.635s] -- Using PYTHON_INCLUDE_DIRS: /usr/include/python3.10
[19.635s] -- Using PYTHON_LIBRARIES: /usr/lib/x86_64-linux-gnu/libpython3.10.so
[19.656s] [0mCMake Deprecation Warning at /opt/ros/humble/share/rosidl_cmake/cmake/rosidl_target_interfaces.cmake:32 (message):
[19.656s]   Use rosidl_get_typesupport_target() and target_link_libraries() instead of
[19.656s]   rosidl_target_interfaces()
[19.656s] Call Stack (most recent call first):
[19.657s]   CMakeLists.txt:29 (rosidl_target_interfaces)
[19.657s] 
[19.657s] [0m
[19.673s] -- Configuring done
[19.727s] -- Generating done
[19.729s] -- Build files have been written to: /home/samue/GitHub/esda-ros-firmware/src/build/esda_ros_interface
[19.771s] [35m[1mConsolidate compiler generated dependencies of target esda_ros_interface__rosidl_generator_c[0m
[19.778s] [  3%] Built target esda_ros_interface__cpp
[19.779s] [ 12%] Built target esda_ros_interface__rosidl_generator_c
[19.792s] [35m[1mConsolidate compiler generated dependencies of target esda_ros_interface__rosidl_typesupport_cpp[0m
[19.793s] [35m[1mConsolidate compiler generated dependencies of target esda_ros_interface__rosidl_typesupport_fastrtps_cpp[0m
[19.794s] [35m[1mConsolidate compiler generated dependencies of target esda_ros_interface__rosidl_typesupport_introspection_cpp[0m
[19.795s] [35m[1mConsolidate compiler generated dependencies of target esda_ros_interface__rosidl_typesupport_fastrtps_c[0m
[19.800s] [35m[1mConsolidate compiler generated dependencies of target esda_ros_interface__rosidl_typesupport_introspection_c[0m
[19.800s] [35m[1mConsolidate compiler generated dependencies of target esda_ros_interface__rosidl_typesupport_c[0m
[19.801s] [ 12%] Built target ament_cmake_python_copy_esda_ros_interface
[19.810s] [ 21%] Built target esda_ros_interface__rosidl_typesupport_cpp
[19.811s] [ 30%] Built target esda_ros_interface__rosidl_typesupport_fastrtps_cpp
[19.812s] [ 39%] Built target esda_ros_interface__rosidl_typesupport_fastrtps_c
[19.814s] [ 48%] Built target esda_ros_interface__rosidl_typesupport_c
[19.814s] [ 57%] Built target esda_ros_interface__rosidl_typesupport_introspection_cpp
[19.815s] [ 66%] Built target esda_ros_interface__rosidl_typesupport_introspection_c
[19.829s] [ 66%] Built target esda_ros_interface
[19.838s] [35m[1mConsolidate compiler generated dependencies of target esda_serial_to_pc[0m
[19.843s] [ 69%] Built target esda_ros_interface__py
[19.849s] [ 72%] [32mBuilding CXX object CMakeFiles/esda_serial_to_pc.dir/src/esda_serial_to_pc.cpp.o[0m
[19.850s] [35m[1mConsolidate compiler generated dependencies of target esda_ros_interface__rosidl_generator_py[0m
[19.858s] [ 78%] Built target esda_ros_interface__rosidl_generator_py
[19.866s] [35m[1mConsolidate compiler generated dependencies of target esda_ros_interface__rosidl_typesupport_fastrtps_c__pyext[0m
[19.866s] [35m[1mConsolidate compiler generated dependencies of target esda_ros_interface__rosidl_typesupport_introspection_c__pyext[0m
[19.866s] [35m[1mConsolidate compiler generated dependencies of target esda_ros_interface__rosidl_typesupport_c__pyext[0m
[19.875s] [ 84%] Built target esda_ros_interface__rosidl_typesupport_introspection_c__pyext
[19.875s] [ 96%] Built target esda_ros_interface__rosidl_typesupport_c__pyext
[19.875s] [ 96%] Built target esda_ros_interface__rosidl_typesupport_fastrtps_c__pyext
[20.217s] running egg_info
[20.218s] writing esda_ros_interface.egg-info/PKG-INFO
[20.218s] writing dependency_links to esda_ros_interface.egg-info/dependency_links.txt
[20.218s] writing top-level names to esda_ros_interface.egg-info/top_level.txt
[20.222s] reading manifest file 'esda_ros_interface.egg-info/SOURCES.txt'
[20.222s] writing manifest file 'esda_ros_interface.egg-info/SOURCES.txt'
[20.243s] [ 96%] Built target ament_cmake_python_build_esda_ros_interface_egg
[21.753s] [01m[K/home/samue/GitHub/esda-ros-firmware/src/esda_ros_interface/src/esda_serial_to_pc.cpp:12:1:[m[K [01;31m[Kerror: [m[Kâ€˜[01m[KROS2ToSerialBridge[m[Kâ€™ does not name a type
[21.753s]    12 | [01;31m[KROS2ToSerialBridge[m[K::ROS2ToSerialBridge(const rclcpp::NodeOptions & node_options)
[21.753s]       | [01;31m[K^~~~~~~~~~~~~~~~~~[m[K
[22.080s] gmake[2]: *** [CMakeFiles/esda_serial_to_pc.dir/build.make:76: CMakeFiles/esda_serial_to_pc.dir/src/esda_serial_to_pc.cpp.o] Error 1
[22.080s] gmake[1]: *** [CMakeFiles/Makefile2:594: CMakeFiles/esda_serial_to_pc.dir/all] Error 2
[22.081s] gmake: *** [Makefile:146: all] Error 2
[22.083s] Invoked command in '/home/samue/GitHub/esda-ros-firmware/src/build/esda_ros_interface' returned '2': CMAKE_PREFIX_PATH=${CMAKE_PREFIX_PATH}:/home/samue/install/launch_testing_examples:/home/samue/install/examples_rclpy_pointcloud_publisher:/home/samue/install/examples_rclpy_minimal_subscriber:/home/samue/install/examples_rclpy_minimal_service:/home/samue/install/examples_rclpy_minimal_publisher:/home/samue/install/examples_rclpy_minimal_client:/home/samue/install/examples_rclpy_minimal_action_server:/home/samue/install/examples_rclpy_minimal_action_client:/home/samue/install/examples_rclpy_guard_conditions:/home/samue/install/examples_rclpy_executors:/opt/ros/humble WSLENV=ELECTRON_RUN_AS_NODE/w: /usr/bin/cmake --build /home/samue/GitHub/esda-ros-firmware/src/build/esda_ros_interface -- -j20 -l20
