[  3%] Built target esda_ros_interface__cpp
[ 12%] Built target esda_ros_interface__rosidl_generator_c
[ 12%] Built target ament_cmake_python_copy_esda_ros_interface
[ 30%] Built target esda_ros_interface__rosidl_typesupport_cpp
[ 30%] Built target esda_ros_interface__rosidl_typesupport_introspection_cpp
[ 39%] Built target esda_ros_interface__rosidl_typesupport_fastrtps_cpp
[ 48%] Built target esda_ros_interface__rosidl_typesupport_introspection_c
[ 57%] Built target esda_ros_interface__rosidl_typesupport_fastrtps_c
[ 66%] Built target esda_ros_interface__rosidl_typesupport_c
[ 66%] Built target esda_ros_interface
[35m[1mConsolidate compiler generated dependencies of target esda_serial_to_pc[0m
[ 69%] Built target esda_ros_interface__py
[ 72%] [32mBuilding CXX object CMakeFiles/esda_serial_to_pc.dir/src/esda_serial_to_pc.cpp.o[0m
[ 78%] Built target esda_ros_interface__rosidl_generator_py
[ 84%] Built target esda_ros_interface__rosidl_typesupport_fastrtps_c__pyext
[ 90%] Built target esda_ros_interface__rosidl_typesupport_introspection_c__pyext
[ 96%] Built target esda_ros_interface__rosidl_typesupport_c__pyext
running egg_info
writing esda_ros_interface.egg-info/PKG-INFO
writing dependency_links to esda_ros_interface.egg-info/dependency_links.txt
writing top-level names to esda_ros_interface.egg-info/top_level.txt
reading manifest file 'esda_ros_interface.egg-info/SOURCES.txt'
writing manifest file 'esda_ros_interface.egg-info/SOURCES.txt'
[ 96%] Built target ament_cmake_python_build_esda_ros_interface_egg
[01m[K/home/samue/GitHub/esda-ros-firmware/src/esda_ros_interface/src/esda_serial_to_pc.cpp:11:28:[m[K [01;31m[Kerror: [m[Kâ€˜[01m[Krclpp[m[Kâ€™ has not been declared
   11 | class SerialReader: public [01;31m[Krclpp[m[K::Node{
      |                            [01;31m[K^~~~~[m[K
[01m[K/home/samue/GitHub/esda-ros-firmware/src/esda_ros_interface/src/esda_serial_to_pc.cpp:11:35:[m[K [01;31m[Kerror: [m[Kexpected â€˜[01m[K{[m[Kâ€™ before â€˜[01m[KNode[m[Kâ€™
   11 | class SerialReader: public rclpp::[01;31m[KNode[m[K{
      |                                   [01;31m[K^~~~[m[K
[01m[K/home/samue/GitHub/esda-ros-firmware/src/esda_ros_interface/src/esda_serial_to_pc.cpp:12:5:[m[K [01;31m[Kerror: [m[Kexpected primary-expression before â€˜[01m[Kpublic[m[Kâ€™
   12 |     [01;31m[Kpublic[m[K:
      |     [01;31m[K^~~~~~[m[K
[01m[K/home/samue/GitHub/esda-ros-firmware/src/esda_ros_interface/src/esda_serial_to_pc.cpp:12:5:[m[K [01;31m[Kerror: [m[Kexpected â€˜[01m[K}[m[Kâ€™ before â€˜[01m[Kpublic[m[Kâ€™
[01m[K/home/samue/GitHub/esda-ros-firmware/src/esda_ros_interface/src/esda_serial_to_pc.cpp:11:39:[m[K [01;36m[Knote: [m[Kto match this â€˜[01m[K{[m[Kâ€™
   11 | class SerialReader: public rclpp::Node[01;36m[K{[m[K
      |                                       [01;36m[K^[m[K
[01m[K/home/samue/GitHub/esda-ros-firmware/src/esda_ros_interface/src/esda_serial_to_pc.cpp:14:1:[m[K [01;31m[Kerror: [m[Kexpected declaration before â€˜[01m[K}[m[Kâ€™ token
   14 | [01;31m[K}[m[K
      | [01;31m[K^[m[K
gmake[2]: *** [CMakeFiles/esda_serial_to_pc.dir/build.make:76: CMakeFiles/esda_serial_to_pc.dir/src/esda_serial_to_pc.cpp.o] Error 1
gmake[1]: *** [CMakeFiles/Makefile2:594: CMakeFiles/esda_serial_to_pc.dir/all] Error 2
gmake: *** [Makefile:146: all] Error 2
