[0.013s] Invoking command in '/home/samue/GitHub/esda-ros-firmware/src/build/esda_ros_interface': CMAKE_PREFIX_PATH=${CMAKE_PREFIX_PATH}:/home/samue/install/launch_testing_examples:/home/samue/install/examples_rclpy_pointcloud_publisher:/home/samue/install/examples_rclpy_minimal_subscriber:/home/samue/install/examples_rclpy_minimal_service:/home/samue/install/examples_rclpy_minimal_publisher:/home/samue/install/examples_rclpy_minimal_client:/home/samue/install/examples_rclpy_minimal_action_server:/home/samue/install/examples_rclpy_minimal_action_client:/home/samue/install/examples_rclpy_guard_conditions:/home/samue/install/examples_rclpy_executors:/opt/ros/humble WSLENV=ELECTRON_RUN_AS_NODE/w: /usr/bin/cmake --build /home/samue/GitHub/esda-ros-firmware/src/build/esda_ros_interface -- -j20 -l20
[0.111s] [  3%] Built target esda_ros_interface__cpp
[0.113s] [ 12%] Built target esda_ros_interface__rosidl_generator_c
[0.128s] [ 12%] Built target ament_cmake_python_copy_esda_ros_interface
[0.137s] [ 30%] Built target esda_ros_interface__rosidl_typesupport_cpp
[0.137s] [ 30%] Built target esda_ros_interface__rosidl_typesupport_introspection_cpp
[0.139s] [ 39%] Built target esda_ros_interface__rosidl_typesupport_fastrtps_cpp
[0.147s] [ 48%] Built target esda_ros_interface__rosidl_typesupport_introspection_c
[0.149s] [ 57%] Built target esda_ros_interface__rosidl_typesupport_fastrtps_c
[0.151s] [ 66%] Built target esda_ros_interface__rosidl_typesupport_c
[0.169s] [ 66%] Built target esda_ros_interface
[0.184s] [35m[1mConsolidate compiler generated dependencies of target esda_serial_to_pc[0m
[0.187s] [ 69%] Built target esda_ros_interface__py
[0.200s] [ 72%] [32mBuilding CXX object CMakeFiles/esda_serial_to_pc.dir/src/esda_serial_to_pc.cpp.o[0m
[0.208s] [ 78%] Built target esda_ros_interface__rosidl_generator_py
[0.230s] [ 84%] Built target esda_ros_interface__rosidl_typesupport_fastrtps_c__pyext
[0.233s] [ 90%] Built target esda_ros_interface__rosidl_typesupport_introspection_c__pyext
[0.233s] [ 96%] Built target esda_ros_interface__rosidl_typesupport_c__pyext
[0.373s] running egg_info
[0.374s] writing esda_ros_interface.egg-info/PKG-INFO
[0.374s] writing dependency_links to esda_ros_interface.egg-info/dependency_links.txt
[0.374s] writing top-level names to esda_ros_interface.egg-info/top_level.txt
[0.378s] reading manifest file 'esda_ros_interface.egg-info/SOURCES.txt'
[0.378s] writing manifest file 'esda_ros_interface.egg-info/SOURCES.txt'
[0.401s] [ 96%] Built target ament_cmake_python_build_esda_ros_interface_egg
[2.346s] [01m[K/home/samue/GitHub/esda-ros-firmware/src/esda_ros_interface/src/esda_serial_to_pc.cpp:11:28:[m[K [01;31m[Kerror: [m[Kâ€˜[01m[Krclpp[m[Kâ€™ has not been declared
[2.346s]    11 | class SerialReader: public [01;31m[Krclpp[m[K::Node{
[2.346s]       |                            [01;31m[K^~~~~[m[K
[2.346s] [01m[K/home/samue/GitHub/esda-ros-firmware/src/esda_ros_interface/src/esda_serial_to_pc.cpp:11:35:[m[K [01;31m[Kerror: [m[Kexpected â€˜[01m[K{[m[Kâ€™ before â€˜[01m[KNode[m[Kâ€™
[2.346s]    11 | class SerialReader: public rclpp::[01;31m[KNode[m[K{
[2.347s]       |                                   [01;31m[K^~~~[m[K
[2.347s] [01m[K/home/samue/GitHub/esda-ros-firmware/src/esda_ros_interface/src/esda_serial_to_pc.cpp:12:5:[m[K [01;31m[Kerror: [m[Kexpected primary-expression before â€˜[01m[Kpublic[m[Kâ€™
[2.347s]    12 |     [01;31m[Kpublic[m[K:
[2.347s]       |     [01;31m[K^~~~~~[m[K
[2.347s] [01m[K/home/samue/GitHub/esda-ros-firmware/src/esda_ros_interface/src/esda_serial_to_pc.cpp:12:5:[m[K [01;31m[Kerror: [m[Kexpected â€˜[01m[K}[m[Kâ€™ before â€˜[01m[Kpublic[m[Kâ€™
[2.347s] [01m[K/home/samue/GitHub/esda-ros-firmware/src/esda_ros_interface/src/esda_serial_to_pc.cpp:11:39:[m[K [01;36m[Knote: [m[Kto match this â€˜[01m[K{[m[Kâ€™
[2.347s]    11 | class SerialReader: public rclpp::Node[01;36m[K{[m[K
[2.347s]       |                                       [01;36m[K^[m[K
[2.347s] [01m[K/home/samue/GitHub/esda-ros-firmware/src/esda_ros_interface/src/esda_serial_to_pc.cpp:14:1:[m[K [01;31m[Kerror: [m[Kexpected declaration before â€˜[01m[K}[m[Kâ€™ token
[2.347s]    14 | [01;31m[K}[m[K
[2.347s]       | [01;31m[K^[m[K
[2.680s] gmake[2]: *** [CMakeFiles/esda_serial_to_pc.dir/build.make:76: CMakeFiles/esda_serial_to_pc.dir/src/esda_serial_to_pc.cpp.o] Error 1
[2.680s] gmake[1]: *** [CMakeFiles/Makefile2:594: CMakeFiles/esda_serial_to_pc.dir/all] Error 2
[2.680s] gmake: *** [Makefile:146: all] Error 2
[2.682s] Invoked command in '/home/samue/GitHub/esda-ros-firmware/src/build/esda_ros_interface' returned '2': CMAKE_PREFIX_PATH=${CMAKE_PREFIX_PATH}:/home/samue/install/launch_testing_examples:/home/samue/install/examples_rclpy_pointcloud_publisher:/home/samue/install/examples_rclpy_minimal_subscriber:/home/samue/install/examples_rclpy_minimal_service:/home/samue/install/examples_rclpy_minimal_publisher:/home/samue/install/examples_rclpy_minimal_client:/home/samue/install/examples_rclpy_minimal_action_server:/home/samue/install/examples_rclpy_minimal_action_client:/home/samue/install/examples_rclpy_guard_conditions:/home/samue/install/examples_rclpy_executors:/opt/ros/humble WSLENV=ELECTRON_RUN_AS_NODE/w: /usr/bin/cmake --build /home/samue/GitHub/esda-ros-firmware/src/build/esda_ros_interface -- -j20 -l20
