[0.012s] Invoking command in '/home/samue/GitHub/esda-ros-firmware/src/build/esda_ros_interface': CMAKE_PREFIX_PATH=${CMAKE_PREFIX_PATH}:/home/samue/install/launch_testing_examples:/home/samue/install/examples_rclpy_pointcloud_publisher:/home/samue/install/examples_rclpy_minimal_subscriber:/home/samue/install/examples_rclpy_minimal_service:/home/samue/install/examples_rclpy_minimal_publisher:/home/samue/install/examples_rclpy_minimal_client:/home/samue/install/examples_rclpy_minimal_action_server:/home/samue/install/examples_rclpy_minimal_action_client:/home/samue/install/examples_rclpy_guard_conditions:/home/samue/install/examples_rclpy_executors:/opt/ros/humble WSLENV=ELECTRON_RUN_AS_NODE/w: /usr/bin/cmake --build /home/samue/GitHub/esda-ros-firmware/src/build/esda_ros_interface -- -j20 -l20
[0.037s] -- Found ament_cmake: 1.3.9 (/opt/ros/humble/share/ament_cmake/cmake)
[0.197s] -- Found rosidl_default_generators: 1.2.0 (/opt/ros/humble/share/rosidl_default_generators/cmake)
[0.202s] -- Using all available rosidl_typesupport_c: rosidl_typesupport_fastrtps_c;rosidl_typesupport_introspection_c
[0.206s] -- Found rosidl_adapter: 3.1.5 (/opt/ros/humble/share/rosidl_adapter/cmake)
[0.795s] -- Using all available rosidl_typesupport_cpp: rosidl_typesupport_fastrtps_cpp;rosidl_typesupport_introspection_cpp
[0.831s] -- Found rclcpp: 16.0.9 (/opt/ros/humble/share/rclcpp/cmake)
[0.917s] -- Found rmw_implementation_cmake: 6.1.2 (/opt/ros/humble/share/rmw_implementation_cmake/cmake)
[0.920s] -- Found rmw_fastrtps_cpp: 6.2.6 (/opt/ros/humble/share/rmw_fastrtps_cpp/cmake)
[19.523s] -- Using RMW implementation 'rmw_fastrtps_cpp' as default
[19.691s] -- Found rclcpp_components: 16.0.9 (/opt/ros/humble/share/rclcpp_components/cmake)
[20.046s] -- Found ament_cmake_ros: 0.10.0 (/opt/ros/humble/share/ament_cmake_ros/cmake)
[20.255s] -- Using all available rosidl_typesupport_c: rosidl_typesupport_fastrtps_c;rosidl_typesupport_introspection_c
[20.524s] -- Using all available rosidl_typesupport_cpp: rosidl_typesupport_fastrtps_cpp;rosidl_typesupport_introspection_cpp
[20.565s] -- Found python_cmake_module: 0.10.0 (/opt/ros/humble/share/python_cmake_module/cmake)
[20.610s] -- Using PYTHON_EXECUTABLE: /usr/bin/python3
[20.610s] -- Using PYTHON_INCLUDE_DIRS: /usr/include/python3.10
[20.610s] -- Using PYTHON_LIBRARIES: /usr/lib/x86_64-linux-gnu/libpython3.10.so
[20.641s] [0mCMake Deprecation Warning at /opt/ros/humble/share/rosidl_cmake/cmake/rosidl_target_interfaces.cmake:32 (message):
[20.641s]   Use rosidl_get_typesupport_target() and target_link_libraries() instead of
[20.641s]   rosidl_target_interfaces()
[20.641s] Call Stack (most recent call first):
[20.641s]   CMakeLists.txt:30 (rosidl_target_interfaces)
[20.642s] 
[20.642s] [0m
[20.666s] -- Configuring done
[20.733s] -- Generating done
[20.737s] -- Build files have been written to: /home/samue/GitHub/esda-ros-firmware/src/build/esda_ros_interface
[20.767s] [35m[1mConsolidate compiler generated dependencies of target esda_ros_interface__rosidl_generator_c[0m
[20.773s] [  3%] Built target esda_ros_interface__cpp
[20.780s] [ 12%] Built target esda_ros_interface__rosidl_generator_c
[20.782s] [35m[1mConsolidate compiler generated dependencies of target esda_ros_interface__rosidl_typesupport_cpp[0m
[20.782s] [35m[1mConsolidate compiler generated dependencies of target esda_ros_interface__rosidl_typesupport_fastrtps_cpp[0m
[20.788s] [35m[1mConsolidate compiler generated dependencies of target esda_ros_interface__rosidl_typesupport_introspection_cpp[0m
[20.795s] [ 12%] Built target ament_cmake_python_copy_esda_ros_interface
[20.795s] [35m[1mConsolidate compiler generated dependencies of target esda_ros_interface__rosidl_typesupport_fastrtps_c[0m
[20.795s] [35m[1mConsolidate compiler generated dependencies of target esda_ros_interface__rosidl_typesupport_c[0m
[20.795s] [ 21%] Built target esda_ros_interface__rosidl_typesupport_cpp
[20.796s] [35m[1mConsolidate compiler generated dependencies of target esda_ros_interface__rosidl_typesupport_introspection_c[0m
[20.801s] [ 30%] Built target esda_ros_interface__rosidl_typesupport_fastrtps_cpp
[20.804s] [ 39%] Built target esda_ros_interface__rosidl_typesupport_introspection_cpp
[20.805s] [ 51%] Built target esda_ros_interface__rosidl_typesupport_c
[20.805s] [ 57%] Built target esda_ros_interface__rosidl_typesupport_fastrtps_c
[20.809s] [ 66%] Built target esda_ros_interface__rosidl_typesupport_introspection_c
[20.825s] [ 66%] Built target esda_ros_interface
[20.835s] [35m[1mConsolidate compiler generated dependencies of target esda_serial_to_pc[0m
[20.841s] [ 69%] Built target esda_ros_interface__py
[20.850s] [ 72%] [32mBuilding CXX object CMakeFiles/esda_serial_to_pc.dir/src/esda_serial_to_pc.cpp.o[0m
[20.850s] [35m[1mConsolidate compiler generated dependencies of target esda_ros_interface__rosidl_generator_py[0m
[20.863s] [ 78%] Built target esda_ros_interface__rosidl_generator_py
[20.871s] [35m[1mConsolidate compiler generated dependencies of target esda_ros_interface__rosidl_typesupport_fastrtps_c__pyext[0m
[20.872s] [35m[1mConsolidate compiler generated dependencies of target esda_ros_interface__rosidl_typesupport_c__pyext[0m
[20.872s] [35m[1mConsolidate compiler generated dependencies of target esda_ros_interface__rosidl_typesupport_introspection_c__pyext[0m
[20.885s] [ 84%] Built target esda_ros_interface__rosidl_typesupport_introspection_c__pyext
[20.885s] [ 90%] Built target esda_ros_interface__rosidl_typesupport_fastrtps_c__pyext
[20.889s] [ 96%] Built target esda_ros_interface__rosidl_typesupport_c__pyext
[21.007s] [01m[K/home/samue/GitHub/esda-ros-firmware/src/esda_ros_interface/src/esda_serial_to_pc.cpp:356:10:[m[K [01;31m[Kfatal error: [m[Krclcpp_components/register_node_macro.hpp: No such file or directory
[21.007s]   356 | #include [01;31m[K"rclcpp_components/register_node_macro.hpp"[m[K
[21.007s]       |          [01;31m[K^~~~~~~~~~~~~~~~~~~~~~~~~~~~~~~~~~~~~~~~~~~[m[K
[21.007s] compilation terminated.
[21.010s] gmake[2]: *** [CMakeFiles/esda_serial_to_pc.dir/build.make:76: CMakeFiles/esda_serial_to_pc.dir/src/esda_serial_to_pc.cpp.o] Error 1
[21.010s] gmake[1]: *** [CMakeFiles/Makefile2:594: CMakeFiles/esda_serial_to_pc.dir/all] Error 2
[21.010s] gmake[1]: *** Waiting for unfinished jobs....
[21.030s] running egg_info
[21.030s] writing esda_ros_interface.egg-info/PKG-INFO
[21.031s] writing dependency_links to esda_ros_interface.egg-info/dependency_links.txt
[21.031s] writing top-level names to esda_ros_interface.egg-info/top_level.txt
[21.033s] reading manifest file 'esda_ros_interface.egg-info/SOURCES.txt'
[21.033s] writing manifest file 'esda_ros_interface.egg-info/SOURCES.txt'
[21.056s] [ 96%] Built target ament_cmake_python_build_esda_ros_interface_egg
[21.057s] gmake: *** [Makefile:146: all] Error 2
[21.059s] Invoked command in '/home/samue/GitHub/esda-ros-firmware/src/build/esda_ros_interface' returned '2': CMAKE_PREFIX_PATH=${CMAKE_PREFIX_PATH}:/home/samue/install/launch_testing_examples:/home/samue/install/examples_rclpy_pointcloud_publisher:/home/samue/install/examples_rclpy_minimal_subscriber:/home/samue/install/examples_rclpy_minimal_service:/home/samue/install/examples_rclpy_minimal_publisher:/home/samue/install/examples_rclpy_minimal_client:/home/samue/install/examples_rclpy_minimal_action_server:/home/samue/install/examples_rclpy_minimal_action_client:/home/samue/install/examples_rclpy_guard_conditions:/home/samue/install/examples_rclpy_executors:/opt/ros/humble WSLENV=ELECTRON_RUN_AS_NODE/w: /usr/bin/cmake --build /home/samue/GitHub/esda-ros-firmware/src/build/esda_ros_interface -- -j20 -l20
