[01m[K/home/samue/GitHub/esda-ros-firmware/src/esda_ros_interface/src/esda_serial_to_pc.cpp:75:23:[m[K [01;31m[Kerror: [m[Kâ€˜[01m[Kstd_msgs[m[Kâ€™ was not declared in this scope
   75 |     rclcpp::Publisher<[01;31m[Kstd_msgs[m[K::msg::String>::SharedPtr publisher_;
      |                       [01;31m[K^~~~~~~~[m[K
[01m[K/home/samue/GitHub/esda-ros-firmware/src/esda_ros_interface/src/esda_serial_to_pc.cpp:75:44:[m[K [01;31m[Kerror: [m[Ktemplate argument 1 is invalid
   75 |     rclcpp::Publisher<std_msgs::msg::String[01;31m[K>[m[K::SharedPtr publisher_;
      |                                            [01;31m[K^[m[K
[01m[K/home/samue/GitHub/esda-ros-firmware/src/esda_ros_interface/src/esda_serial_to_pc.cpp:75:47:[m[K [01;31m[Kerror: [m[Kexpected â€˜[01m[K;[m[Kâ€™ at end of member declaration
   75 |     rclcpp::Publisher<std_msgs::msg::String>::[01;31m[KSharedPtr[m[K publisher_;
      |                                               [01;31m[K^~~~~~~~~[m[K
      |                                                        [32m[K;[m[K
[01m[K/home/samue/GitHub/esda-ros-firmware/src/esda_ros_interface/src/esda_serial_to_pc.cpp:75:57:[m[K [01;31m[Kerror: [m[Kâ€˜[01m[Kpublisher_[m[Kâ€™ does not name a type; did you mean â€˜[01m[Krmw_publisher_t[m[Kâ€™?
   75 |     rclcpp::Publisher<std_msgs::msg::String>::SharedPtr [01;31m[Kpublisher_[m[K;
      |                                                         [01;31m[K^~~~~~~~~~[m[K
      |                                                         [32m[Krmw_publisher_t[m[K
[01m[K/home/samue/GitHub/esda-ros-firmware/src/esda_ros_interface/src/esda_serial_to_pc.cpp:[m[K In constructor â€˜[01m[KSerialReader::SerialReader()[m[Kâ€™:
[01m[K/home/samue/GitHub/esda-ros-firmware/src/esda_ros_interface/src/esda_serial_to_pc.cpp:29:62:[m[K [01;31m[Kerror: [m[Kcannot bind non-const lvalue reference of type â€˜[01m[Kserial::Timeout&[m[Kâ€™ to an rvalue of type â€˜[01m[Kserial::Timeout[m[Kâ€™
   29 |             serial_.setTimeout([01;31m[Kserial::Timeout::simpleTimeout(1000)[m[K);
      |                                [01;31m[K~~~~~~~~~~~~~~~~~~~~~~~~~~~~~~^~~~~~[m[K
In file included from [01m[K/home/samue/GitHub/esda-ros-firmware/src/esda_ros_interface/src/esda_serial_to_pc.cpp:8[m[K:
[01m[K/home/samue/GitHub/esda-ros-firmware/src/esda_ros_interface/include/esda_ros_interface/serial.h:461:24:[m[K [01;36m[Knote: [m[K  initializing argument 1 of â€˜[01m[Kvoid serial::Serial::setTimeout(serial::Timeout&)[m[Kâ€™
  461 |   setTimeout ([01;36m[KTimeout &timeout[m[K);
      |               [01;36m[K~~~~~~~~~^~~~~~~[m[K
[01m[K/home/samue/GitHub/esda-ros-firmware/src/esda_ros_interface/src/esda_serial_to_pc.cpp:40:9:[m[K [01;31m[Kerror: [m[Kâ€˜[01m[Kpublisher_[m[Kâ€™ was not declared in this scope; did you mean â€˜[01m[Krmw_publisher_t[m[Kâ€™?
   40 |         [01;31m[Kpublisher_[m[K = this->create_publisher<std_msgs::msg::String>("serial_data", 10);
      |         [01;31m[K^~~~~~~~~~[m[K
      |         [32m[Krmw_publisher_t[m[K
[01m[K/home/samue/GitHub/esda-ros-firmware/src/esda_ros_interface/src/esda_serial_to_pc.cpp:40:45:[m[K [01;31m[Kerror: [m[Kâ€˜[01m[Kstd_msgs[m[Kâ€™ was not declared in this scope
   40 |         publisher_ = this->create_publisher<[01;31m[Kstd_msgs[m[K::msg::String>("serial_data", 10);
      |                                             [01;31m[K^~~~~~~~[m[K
[01m[K/home/samue/GitHub/esda-ros-firmware/src/esda_ros_interface/src/esda_serial_to_pc.cpp:40:28:[m[K [01;31m[Kerror: [m[Kparse error in template argument list
   40 |         publisher_ = this->[01;31m[Kcreate_publisher<std_msgs::msg::String>[m[K("serial_data", 10);
      |                            [01;31m[K^~~~~~~~~~~~~~~~~~~~~~~~~~~~~~~~~~~~~~~[m[K
[01m[K/home/samue/GitHub/esda-ros-firmware/src/esda_ros_interface/src/esda_serial_to_pc.cpp:40:67:[m[K [01;31m[Kerror: [m[Kno matching function for call to â€˜[01m[KSerialReader::create_publisher<<expression error> >(const char [12], int)[m[Kâ€™
   40 |         publisher_ = [01;31m[Kthis->create_publisher<std_msgs::msg::String>("serial_data", 10)[m[K;
      |                      [01;31m[K~~~~~~~~~~~~~~~~~~~~~~~~~~~~~~~~~~~~~~~~~~~~~^~~~~~~~~~~~~~~~~~~[m[K
In file included from [01m[K/opt/ros/humble/include/rclcpp/rclcpp/executors/single_threaded_executor.hpp:28[m[K,
                 from [01m[K/opt/ros/humble/include/rclcpp/rclcpp/executors.hpp:22[m[K,
                 from [01m[K/opt/ros/humble/include/rclcpp/rclcpp/rclcpp.hpp:155[m[K,
                 from [01m[K/home/samue/GitHub/esda-ros-firmware/src/esda_ros_interface/src/esda_serial_to_pc.cpp:7[m[K:
[01m[K/opt/ros/humble/include/rclcpp/rclcpp/node.hpp:195:3:[m[K [01;36m[Knote: [m[Kcandidate: â€˜[01m[Ktemplate<class MessageT, class AllocatorT, class PublisherT> std::shared_ptr<PublisherT> rclcpp::Node::create_publisher(const string&, const rclcpp::QoS&, const rclcpp::PublisherOptionsWithAllocator<AllocatorT>&)[m[Kâ€™
  195 |   [01;36m[Kcreate_publisher[m[K(
      |   [01;36m[K^~~~~~~~~~~~~~~~[m[K
[01m[K/opt/ros/humble/include/rclcpp/rclcpp/node.hpp:195:3:[m[K [01;36m[Knote: [m[K  template argument deduction/substitution failed:
[01m[K/home/samue/GitHub/esda-ros-firmware/src/esda_ros_interface/src/esda_serial_to_pc.cpp:40:67:[m[K [01;31m[Kerror: [m[Ktemplate argument 1 is invalid
   40 |         publisher_ = [01;31m[Kthis->create_publisher<std_msgs::msg::String>("serial_data", 10)[m[K;
      |                      [01;31m[K~~~~~~~~~~~~~~~~~~~~~~~~~~~~~~~~~~~~~~~~~~~~~^~~~~~~~~~~~~~~~~~~[m[K
[01m[K/home/samue/GitHub/esda-ros-firmware/src/esda_ros_interface/src/esda_serial_to_pc.cpp:[m[K In member function â€˜[01m[Kvoid SerialReader::read_from_serial()[m[Kâ€™:
[01m[K/home/samue/GitHub/esda-ros-firmware/src/esda_ros_interface/src/esda_serial_to_pc.cpp:66:17:[m[K [01;31m[Kerror: [m[Kâ€˜[01m[Kstd_msgs[m[Kâ€™ has not been declared
   66 |                 [01;31m[Kstd_msgs[m[K::msg::String msg;
      |                 [01;31m[K^~~~~~~~[m[K
[01m[K/home/samue/GitHub/esda-ros-firmware/src/esda_ros_interface/src/esda_serial_to_pc.cpp:67:17:[m[K [01;31m[Kerror: [m[Kâ€˜[01m[Kmsg[m[Kâ€™ was not declared in this scope
   67 |                 [01;31m[Kmsg[m[K.data = serial_.read(serial_.available());
      |                 [01;31m[K^~~[m[K
[01m[K/home/samue/GitHub/esda-ros-firmware/src/esda_ros_interface/src/esda_serial_to_pc.cpp:67:17:[m[K [01;36m[Knote: [m[Ksuggested alternatives:
In file included from [01m[K/opt/ros/humble/include/builtin_interfaces/builtin_interfaces/msg/duration.hpp:7[m[K,
                 from [01m[K/opt/ros/humble/include/rclcpp/rclcpp/duration.hpp:20[m[K,
                 from [01m[K/opt/ros/humble/include/rclcpp/rclcpp/qos.hpp:20[m[K,
                 from [01m[K/opt/ros/humble/include/rclcpp/rclcpp/node_interfaces/node_graph_interface.hpp:32[m[K,
                 from [01m[K/opt/ros/humble/include/rclcpp/rclcpp/client.hpp:42[m[K,
                 from [01m[K/opt/ros/humble/include/rclcpp/rclcpp/callback_group.hpp:24[m[K,
                 from [01m[K/opt/ros/humble/include/rclcpp/rclcpp/any_executable.hpp:20[m[K,
                 from [01m[K/opt/ros/humble/include/rclcpp/rclcpp/memory_strategy.hpp:25[m[K,
                 from [01m[K/opt/ros/humble/include/rclcpp/rclcpp/memory_strategies.hpp:18[m[K,
                 from [01m[K/opt/ros/humble/include/rclcpp/rclcpp/executor_options.hpp:20[m[K,
                 from [01m[K/opt/ros/humble/include/rclcpp/rclcpp/executor.hpp:37[m[K,
                 from [01m[K/opt/ros/humble/include/rclcpp/rclcpp/executors/multi_threaded_executor.hpp:25[m[K,
                 from [01m[K/opt/ros/humble/include/rclcpp/rclcpp/executors.hpp:21[m[K,
                 from [01m[K/opt/ros/humble/include/rclcpp/rclcpp/rclcpp.hpp:155[m[K,
                 from [01m[K/home/samue/GitHub/esda-ros-firmware/src/esda_ros_interface/src/esda_serial_to_pc.cpp:7[m[K:
[01m[K/opt/ros/humble/include/builtin_interfaces/builtin_interfaces/msg/detail/duration__struct.hpp:27:11:[m[K [01;36m[Knote: [m[K  â€˜[01m[Kbuiltin_interfaces::msg[m[Kâ€™
   27 | namespace [01;36m[Kmsg[m[K
      |           [01;36m[K^~~[m[K
In file included from [01m[K/opt/ros/humble/include/rcl_interfaces/rcl_interfaces/msg/set_parameters_result.hpp:7[m[K,
                 from [01m[K/opt/ros/humble/include/rclcpp/rclcpp/qos_overriding_options.hpp:28[m[K,
                 from [01m[K/opt/ros/humble/include/rclcpp/rclcpp/subscription_options.hpp:30[m[K,
                 from [01m[K/opt/ros/humble/include/rclcpp/rclcpp/subscription.hpp:45[m[K,
                 from [01m[K/opt/ros/humble/include/rclcpp/rclcpp/any_executable.hpp:25[m[K,
                 from [01m[K/opt/ros/humble/include/rclcpp/rclcpp/memory_strategy.hpp:25[m[K,
                 from [01m[K/opt/ros/humble/include/rclcpp/rclcpp/memory_strategies.hpp:18[m[K,
                 from [01m[K/opt/ros/humble/include/rclcpp/rclcpp/executor_options.hpp:20[m[K,
                 from [01m[K/opt/ros/humble/include/rclcpp/rclcpp/executor.hpp:37[m[K,
                 from [01m[K/opt/ros/humble/include/rclcpp/rclcpp/executors/multi_threaded_executor.hpp:25[m[K,
                 from [01m[K/opt/ros/humble/include/rclcpp/rclcpp/executors.hpp:21[m[K,
                 from [01m[K/opt/ros/humble/include/rclcpp/rclcpp/rclcpp.hpp:155[m[K,
                 from [01m[K/home/samue/GitHub/esda-ros-firmware/src/esda_ros_interface/src/esda_serial_to_pc.cpp:7[m[K:
[01m[K/opt/ros/humble/include/rcl_interfaces/rcl_interfaces/msg/detail/set_parameters_result__struct.hpp:27:11:[m[K [01;36m[Knote: [m[K  â€˜[01m[Krcl_interfaces::msg[m[Kâ€™
   27 | namespace [01;36m[Kmsg[m[K
      |           [01;36m[K^~~[m[K
In file included from [01m[K/opt/ros/humble/include/statistics_msgs/statistics_msgs/msg/detail/metrics_message__struct.hpp:23[m[K,
                 from [01m[K/opt/ros/humble/include/statistics_msgs/statistics_msgs/msg/metrics_message.hpp:7[m[K,
                 from [01m[K/opt/ros/humble/include/libstatistics_collector/libstatistics_collector/collector/generate_statistics_message.hpp:21[m[K,
                 from [01m[K/opt/ros/humble/include/rclcpp/rclcpp/topic_statistics/subscription_topic_statistics.hpp:23[m[K,
                 from [01m[K/opt/ros/humble/include/rclcpp/rclcpp/subscription.hpp:50[m[K,
                 from [01m[K/opt/ros/humble/include/rclcpp/rclcpp/any_executable.hpp:25[m[K,
                 from [01m[K/opt/ros/humble/include/rclcpp/rclcpp/memory_strategy.hpp:25[m[K,
                 from [01m[K/opt/ros/humble/include/rclcpp/rclcpp/memory_strategies.hpp:18[m[K,
                 from [01m[K/opt/ros/humble/include/rclcpp/rclcpp/executor_options.hpp:20[m[K,
                 from [01m[K/opt/ros/humble/include/rclcpp/rclcpp/executor.hpp:37[m[K,
                 from [01m[K/opt/ros/humble/include/rclcpp/rclcpp/executors/multi_threaded_executor.hpp:25[m[K,
                 from [01m[K/opt/ros/humble/include/rclcpp/rclcpp/executors.hpp:21[m[K,
                 from [01m[K/opt/ros/humble/include/rclcpp/rclcpp/rclcpp.hpp:155[m[K,
                 from [01m[K/home/samue/GitHub/esda-ros-firmware/src/esda_ros_interface/src/esda_serial_to_pc.cpp:7[m[K:
[01m[K/opt/ros/humble/include/statistics_msgs/statistics_msgs/msg/detail/statistic_data_point__struct.hpp:27:11:[m[K [01;36m[Knote: [m[K  â€˜[01m[Kstatistics_msgs::msg[m[Kâ€™
   27 | namespace [01;36m[Kmsg[m[K
      |           [01;36m[K^~~[m[K
[01m[K/home/samue/GitHub/esda-ros-firmware/src/esda_ros_interface/src/esda_serial_to_pc.cpp:68:17:[m[K [01;31m[Kerror: [m[Kâ€˜[01m[Kpublisher_[m[Kâ€™ was not declared in this scope; did you mean â€˜[01m[Krmw_publisher_t[m[Kâ€™?
   68 |                 [01;31m[Kpublisher_[m[K->publish(msg);
      |                 [01;31m[K^~~~~~~~~~[m[K
      |                 [32m[Krmw_publisher_t[m[K
gmake[2]: *** [CMakeFiles/esda_serial_to_pc.dir/build.make:76: CMakeFiles/esda_serial_to_pc.dir/src/esda_serial_to_pc.cpp.o] Error 1
gmake[1]: *** [CMakeFiles/Makefile2:594: CMakeFiles/esda_serial_to_pc.dir/all] Error 2
gmake: *** [Makefile:146: all] Error 2
