[0.012s] Invoking command in '/home/samue/GitHub/esda-ros-firmware/src/build/esda_ros_interface': CMAKE_PREFIX_PATH=${CMAKE_PREFIX_PATH}:/home/samue/install/launch_testing_examples:/home/samue/install/examples_rclpy_pointcloud_publisher:/home/samue/install/examples_rclpy_minimal_subscriber:/home/samue/install/examples_rclpy_minimal_service:/home/samue/install/examples_rclpy_minimal_publisher:/home/samue/install/examples_rclpy_minimal_client:/home/samue/install/examples_rclpy_minimal_action_server:/home/samue/install/examples_rclpy_minimal_action_client:/home/samue/install/examples_rclpy_guard_conditions:/home/samue/install/examples_rclpy_executors:/opt/ros/humble WSLENV=ELECTRON_RUN_AS_NODE/w: /usr/bin/cmake --build /home/samue/GitHub/esda-ros-firmware/src/build/esda_ros_interface -- -j20 -l20
[0.049s] [  3%] Built target esda_ros_interface__cpp
[0.050s] [ 12%] Built target esda_ros_interface__rosidl_generator_c
[0.059s] [ 12%] Built target ament_cmake_python_copy_esda_ros_interface
[0.075s] [ 21%] Built target esda_ros_interface__rosidl_typesupport_cpp
[0.077s] [ 30%] Built target esda_ros_interface__rosidl_typesupport_fastrtps_cpp
[0.080s] [ 39%] Built target esda_ros_interface__rosidl_typesupport_fastrtps_c
[0.080s] [ 48%] Built target esda_ros_interface__rosidl_typesupport_introspection_cpp
[0.081s] [ 57%] Built target esda_ros_interface__rosidl_typesupport_c
[0.082s] [ 66%] Built target esda_ros_interface__rosidl_typesupport_introspection_c
[0.096s] [ 66%] Built target esda_ros_interface
[0.109s] [ 69%] Built target esda_ros_interface__py
[0.114s] [ 72%] [32mBuilding CXX object CMakeFiles/esda_serial_to_pc.dir/src/esda_serial_to_pc.cpp.o[0m
[0.125s] [ 78%] Built target esda_ros_interface__rosidl_generator_py
[0.140s] [ 84%] Built target esda_ros_interface__rosidl_typesupport_fastrtps_c__pyext
[0.140s] [ 90%] Built target esda_ros_interface__rosidl_typesupport_introspection_c__pyext
[0.142s] [ 96%] Built target esda_ros_interface__rosidl_typesupport_c__pyext
[0.239s] [01m[K/home/samue/GitHub/esda-ros-firmware/src/esda_ros_interface/src/esda_serial_to_pc.cpp:356:10:[m[K [01;31m[Kfatal error: [m[Krclcpp_components/register_node_macro.hpp: No such file or directory
[0.240s]   356 | #include [01;31m[K"rclcpp_components/register_node_macro.hpp"[m[K
[0.240s]       |          [01;31m[K^~~~~~~~~~~~~~~~~~~~~~~~~~~~~~~~~~~~~~~~~~~[m[K
[0.240s] compilation terminated.
[0.242s] gmake[2]: *** [CMakeFiles/esda_serial_to_pc.dir/build.make:76: CMakeFiles/esda_serial_to_pc.dir/src/esda_serial_to_pc.cpp.o] Error 1
[0.243s] gmake[1]: *** [CMakeFiles/Makefile2:594: CMakeFiles/esda_serial_to_pc.dir/all] Error 2
[0.243s] gmake[1]: *** Waiting for unfinished jobs....
[0.245s] running egg_info
[0.246s] writing esda_ros_interface.egg-info/PKG-INFO
[0.246s] writing dependency_links to esda_ros_interface.egg-info/dependency_links.txt
[0.246s] writing top-level names to esda_ros_interface.egg-info/top_level.txt
[0.247s] reading manifest file 'esda_ros_interface.egg-info/SOURCES.txt'
[0.248s] writing manifest file 'esda_ros_interface.egg-info/SOURCES.txt'
[0.267s] [ 96%] Built target ament_cmake_python_build_esda_ros_interface_egg
[0.268s] gmake: *** [Makefile:146: all] Error 2
[0.269s] Invoked command in '/home/samue/GitHub/esda-ros-firmware/src/build/esda_ros_interface' returned '2': CMAKE_PREFIX_PATH=${CMAKE_PREFIX_PATH}:/home/samue/install/launch_testing_examples:/home/samue/install/examples_rclpy_pointcloud_publisher:/home/samue/install/examples_rclpy_minimal_subscriber:/home/samue/install/examples_rclpy_minimal_service:/home/samue/install/examples_rclpy_minimal_publisher:/home/samue/install/examples_rclpy_minimal_client:/home/samue/install/examples_rclpy_minimal_action_server:/home/samue/install/examples_rclpy_minimal_action_client:/home/samue/install/examples_rclpy_guard_conditions:/home/samue/install/examples_rclpy_executors:/opt/ros/humble WSLENV=ELECTRON_RUN_AS_NODE/w: /usr/bin/cmake --build /home/samue/GitHub/esda-ros-firmware/src/build/esda_ros_interface -- -j20 -l20
